
Copyright (C) 1994-2020 Synopsys, Inc.
This Synopsys software and all associated documentation are proprietary to Synopsys, Inc.
and may only be used pursuant to the terms and conditions of a written license agreement
with Synopsys, Inc. All other use, reproduction, modification, or distribution of the
Synopsys software or the associated documentation is strictly prohibited.
Tool: Synplify Pro (R)
Build: Q-2020.03L-SP1
Install: D:\LSCC\diamond\3.12\synpbase
OS: Windows 6.2

Hostname: PETITEPC

Implementation : adderlib8bit0

# Written on Thu Sep 30 15:14:36 2021

##### FILES SYNTAX CHECKED ##############################################
Constraint File(s):      (none)

#Run constraint checker to find more issues with constraints.
#########################################################################



No issues found in constraint syntax.



Clock Summary
*************

          Start     Requested     Requested     Clock     Clock     Clock
Level     Clock     Frequency     Period        Type      Group     Load 
-------------------------------------------------------------------------
=========================================================================


Clock Load Summary
******************

          Clock     Source     Clock Pin       Non-clock Pin     Non-clock Pin
Clock     Load      Pin        Seq Example     Seq Example       Comb Example 
------------------------------------------------------------------------------
==============================================================================
