
Copyright (C) 1994-2020 Synopsys, Inc.
This Synopsys software and all associated documentation are proprietary to Synopsys, Inc.
and may only be used pursuant to the terms and conditions of a written license agreement
with Synopsys, Inc. All other use, reproduction, modification, or distribution of the
Synopsys software or the associated documentation is strictly prohibited.
Tool: Synplify Pro (R)
Build: Q-2020.03L-SP1
Install: D:\LSCC\diamond\3.12\synpbase
OS: Windows 6.2

Hostname: PETITEPC

Implementation : adderlib8bit0B
Synopsys HDL compiler and linker, Version comp202003synp2, Build 182R, Built Oct 29 2020 10:49:53, @

Modified Files: 13
FID:  path (prevtimestamp, timestamp)
0        D:\Clases\Arqui\adderlib8bit00B\adderlib8bit00B.vhdl (N/A, 2021-10-01 11:50:51)
1        D:\LSCC\diamond\3.12\cae_library\synthesis\vhdl\machxo2.vhd (N/A, 2018-11-14 23:32:12)
2        D:\LSCC\diamond\3.12\synpbase\lib\cpld\lattice.vhd (N/A, 2020-10-29 09:20:44)
3        D:\LSCC\diamond\3.12\synpbase\lib\vhd\arith.vhd (N/A, 2020-10-29 09:23:10)
4        D:\LSCC\diamond\3.12\synpbase\lib\vhd\hyperents.vhd (N/A, 2020-10-29 09:23:10)
5        D:\LSCC\diamond\3.12\synpbase\lib\vhd\location.map (N/A, 2020-11-02 16:26:20)
6        D:\LSCC\diamond\3.12\synpbase\lib\vhd\numeric.vhd (N/A, 2020-10-29 09:23:10)
7        D:\LSCC\diamond\3.12\synpbase\lib\vhd\signed.vhd (N/A, 2020-10-29 09:23:10)
8        D:\LSCC\diamond\3.12\synpbase\lib\vhd\snps_haps_pkg.vhd (N/A, 2020-10-29 09:23:10)
9        D:\LSCC\diamond\3.12\synpbase\lib\vhd\std.vhd (N/A, 2020-10-29 09:23:10)
10       D:\LSCC\diamond\3.12\synpbase\lib\vhd\std1164.vhd (N/A, 2020-10-29 09:23:10)
11       D:\LSCC\diamond\3.12\synpbase\lib\vhd\umr_capim.vhd (N/A, 2020-10-29 09:23:10)
12       D:\LSCC\diamond\3.12\synpbase\lib\vhd\unsigned.vhd (N/A, 2020-10-29 09:23:10)

*******************************************************************
Modules that may have changed as a result of file changes: 1
MID:  lib.cell.view
0        work.adderlib8bit00b.adderlib8bit0b may have changed because the following files changed:
                        D:\Clases\Arqui\adderlib8bit00B\adderlib8bit00B.vhdl (N/A, 2021-10-01 11:50:51) <-- (architecture and entity definition)

*******************************************************************
Unmodified files: 0
FID:  path (timestamp)

*******************************************************************
Unchanged modules: 0
MID:  lib.cell.view
