
Copyright (C) 1994-2020 Synopsys, Inc.
This Synopsys software and all associated documentation are proprietary to Synopsys, Inc.
and may only be used pursuant to the terms and conditions of a written license agreement
with Synopsys, Inc. All other use, reproduction, modification, or distribution of the
Synopsys software or the associated documentation is strictly prohibited.
Tool: Synplify Pro (R)
Build: Q-2020.03L-SP1
Install: D:\LSCC\diamond\3.12\synpbase
OS: Windows 6.2

Hostname: LILGAMING-PC

Implementation : shiftRL0
Synopsys HDL compiler and linker, Version comp202003synp2, Build 182R, Built Oct 29 2020 10:49:53, @

Modified Files: 2
FID:  path (prevtimestamp, timestamp)
1        D:\Clases\Arqui\2doParcial\shiftRL00\shiftRL.vhdl (2021-10-30 17:34:14, 2021-10-30 17:36:12)
2        D:\Clases\Arqui\2doParcial\shiftRL00\shiftRL00.vhdl (2021-10-30 17:31:09, 2021-10-30 17:37:34)

*******************************************************************
Modules that may have changed as a result of file changes: 5
MID:  lib.cell.view
0        work.div00.div0 may have changed because the following files changed:
                        D:\Clases\Arqui\2doParcial\shiftRL00\shiftRL.vhdl (2021-10-30 17:34:14, 2021-10-30 17:36:12) <-- (may instantiate this module)
2        work.osc00.osc0 may have changed because the following files changed:
                        D:\Clases\Arqui\2doParcial\shiftRL00\shiftRL.vhdl (2021-10-30 17:34:14, 2021-10-30 17:36:12) <-- (may instantiate this module)
4        work.oscint00.oscint0 may have changed because the following files changed:
                        D:\Clases\Arqui\2doParcial\shiftRL00\shiftRL.vhdl (2021-10-30 17:34:14, 2021-10-30 17:36:12) <-- (may instantiate this module)
6        work.shiftrl.shiftrl0 may have changed because the following files changed:
                        D:\Clases\Arqui\2doParcial\shiftRL00\shiftRL.vhdl (2021-10-30 17:34:14, 2021-10-30 17:36:12) <-- (architecture and entity definition)
8        work.shiftrl00.shiftrl0 may have changed because the following files changed:
                        D:\Clases\Arqui\2doParcial\shiftRL00\shiftRL.vhdl (2021-10-30 17:34:14, 2021-10-30 17:36:12) <-- (may instantiate this module)
                        D:\Clases\Arqui\2doParcial\shiftRL00\shiftRL00.vhdl (2021-10-30 17:31:09, 2021-10-30 17:37:34) <-- (architecture and entity definition)

*******************************************************************
Unmodified files: 16
FID:  path (timestamp)
0        D:\Clases\Arqui\2doParcial\shiftRL00\packageshiftRL00.vhdl (2021-10-30 17:33:52)
3        D:\Clases\Arqui\oscvhdl\div00.vhdl (2021-10-18 11:39:13)
4        D:\Clases\Arqui\oscvhdl\osc00.vhdl (2021-10-18 11:38:54)
5        D:\Clases\Arqui\oscvhdl\oscint00.vhdl (2021-10-18 11:39:21)
6        D:\Clases\Arqui\oscvhdl\packageosc00.vhdl (2021-10-18 11:39:04)
7        D:\LSCC\diamond\3.12\cae_library\synthesis\vhdl\machxo2.vhd (2018-11-14 23:32:12)
8        D:\LSCC\diamond\3.12\synpbase\lib\cpld\lattice.vhd (2020-10-29 09:20:44)
9        D:\LSCC\diamond\3.12\synpbase\lib\vhd\arith.vhd (2020-10-29 09:23:10)
10       D:\LSCC\diamond\3.12\synpbase\lib\vhd\hyperents.vhd (2020-10-29 09:23:10)
11       D:\LSCC\diamond\3.12\synpbase\lib\vhd\location.map (2020-11-02 16:26:20)
12       D:\LSCC\diamond\3.12\synpbase\lib\vhd\numeric.vhd (2020-10-29 09:23:10)
13       D:\LSCC\diamond\3.12\synpbase\lib\vhd\snps_haps_pkg.vhd (2020-10-29 09:23:10)
14       D:\LSCC\diamond\3.12\synpbase\lib\vhd\std.vhd (2020-10-29 09:23:10)
15       D:\LSCC\diamond\3.12\synpbase\lib\vhd\std1164.vhd (2020-10-29 09:23:10)
16       D:\LSCC\diamond\3.12\synpbase\lib\vhd\umr_capim.vhd (2020-10-29 09:23:10)
17       D:\LSCC\diamond\3.12\synpbase\lib\vhd\unsigned.vhd (2020-10-29 09:23:10)

*******************************************************************
Unchanged modules: 0
MID:  lib.cell.view
