
Copyright (C) 1994-2020 Synopsys, Inc.
This Synopsys software and all associated documentation are proprietary to Synopsys, Inc.
and may only be used pursuant to the terms and conditions of a written license agreement
with Synopsys, Inc. All other use, reproduction, modification, or distribution of the
Synopsys software or the associated documentation is strictly prohibited.
Tool: Synplify Pro (R)
Build: Q-2020.03L-SP1
Install: D:\LSCC\diamond\3.12\synpbase
OS: Windows 6.2

Hostname: PETITEPC

Implementation : osc0
Synopsys HDL compiler and linker, Version comp202003synp2, Build 182R, Built Oct 29 2020 10:49:53, @

Modified Files: 1
FID:  path (prevtimestamp, timestamp)
2        D:\Clases\Arqui\osc00\oscint00.vhdl (2021-10-01 14:12:24, 2021-10-01 14:21:33)

*******************************************************************
Modules that may have changed as a result of file changes: 1
MID:  lib.cell.view
4        work.oscint00.oscint0 may have changed because the following files changed:
                        D:\Clases\Arqui\osc00\oscint00.vhdl (2021-10-01 14:12:24, 2021-10-01 14:21:33) <-- (architecture and entity definition)

*******************************************************************
Unmodified files: 14
FID:  path (timestamp)
0        D:\Clases\Arqui\osc00\div00.vhd (2021-10-01 14:11:53)
1        D:\Clases\Arqui\osc00\osc00.vhdl (2021-10-01 13:46:36)
3        D:\Clases\Arqui\osc00\packageosc00.vhdl (2021-10-01 13:15:08)
4        D:\LSCC\diamond\3.12\cae_library\synthesis\vhdl\machxo2.vhd (2018-11-14 23:32:12)
5        D:\LSCC\diamond\3.12\synpbase\lib\cpld\lattice.vhd (2020-10-29 09:20:44)
6        D:\LSCC\diamond\3.12\synpbase\lib\vhd\arith.vhd (2020-10-29 09:23:10)
7        D:\LSCC\diamond\3.12\synpbase\lib\vhd\hyperents.vhd (2020-10-29 09:23:10)
8        D:\LSCC\diamond\3.12\synpbase\lib\vhd\location.map (2020-11-02 16:26:20)
9        D:\LSCC\diamond\3.12\synpbase\lib\vhd\numeric.vhd (2020-10-29 09:23:10)
10       D:\LSCC\diamond\3.12\synpbase\lib\vhd\snps_haps_pkg.vhd (2020-10-29 09:23:10)
11       D:\LSCC\diamond\3.12\synpbase\lib\vhd\std.vhd (2020-10-29 09:23:10)
12       D:\LSCC\diamond\3.12\synpbase\lib\vhd\std1164.vhd (2020-10-29 09:23:10)
13       D:\LSCC\diamond\3.12\synpbase\lib\vhd\umr_capim.vhd (2020-10-29 09:23:10)
14       D:\LSCC\diamond\3.12\synpbase\lib\vhd\unsigned.vhd (2020-10-29 09:23:10)

*******************************************************************
Unchanged modules: 4
MID:  lib.cell.view
0        work.div00.div0
1        work.div00.vhdl
2        work.osc00.osc0
3        work.osc00.vhdl
