
Loading design for application trce from file osc00_osc0.ncd.
Design name: osc00
NCD version: 3.3
Vendor:      LATTICE
Device:      LCMXO2-7000HE
Package:     TQFP144
Performance: 5
Loading device for application trce from file 'xo2c7000.nph' in environment: D:/LSCC/diamond/3.12/ispfpga.
Package Status:                     Final          Version 1.39.
Performance Hardware Data Status:   Final          Version 34.4.
Setup and Hold Report

--------------------------------------------------------------------------------
Lattice TRACE Report - Setup, Version Diamond (64-bit) 3.12.0.240.2
Fri Oct 01 14:21:54 2021

Copyright (c) 1991-1994 by NeoCAD Inc. All rights reserved.
Copyright (c) 1995 AT&T Corp.   All rights reserved.
Copyright (c) 1995-2001 Lucent Technologies Inc.  All rights reserved.
Copyright (c) 2001 Agere Systems   All rights reserved.
Copyright (c) 2002-2020 Lattice Semiconductor Corporation,  All rights reserved.

Report Information
------------------
Command line:    trce -v 10 -gt -sethld -sp 5 -sphld m -o osc00_osc0.twr -gui -msgset D:/Clases/Arqui/osc00/promote.xml osc00_osc0.ncd osc00_osc0.prf 
Design file:     osc00_osc0.ncd
Preference file: osc00_osc0.prf
Device,speed:    LCMXO2-7000HE,5
Report level:    verbose report, limited to 10 items per preference
--------------------------------------------------------------------------------

BLOCK ASYNCPATHS
BLOCK RESETPATHS
--------------------------------------------------------------------------------



================================================================================
Preference: FREQUENCY NET "sclk" 2.080000 MHz ;
            4096 items scored, 0 timing errors detected.
--------------------------------------------------------------------------------


Passed: The following path meets requirements by 465.679ns

 Logical Details:  Cell type  Pin type       Cell/ASIC name  (clock net +/-)

   Source:         FF         Q              OS01/sdiv[7]  (from sclk +)
   Destination:    FF         Data in        OS01/sdiv[21]  (to sclk +)

   Delay:              14.940ns  (43.2% logic, 56.8% route), 20 logic levels.

 Constraint Details:

     14.940ns physical path delay OS01/SLICE_8 to OS01/SLICE_1 meets
    480.769ns delay constraint less
      0.000ns skew and
      0.150ns DIN_SET requirement (totaling 480.619ns) by 465.679ns

 Physical Path Details:

      Data path OS01/SLICE_8 to OS01/SLICE_1:

   Name    Fanout   Delay (ns)          Site               Resource
REG_DEL     ---     0.409    R21C14A.CLK to     R21C14A.Q0 OS01/SLICE_8 (from sclk)
ROUTE         2     1.609     R21C14A.Q0 to     R22C13D.A1 OS01/sdiv[7]
CTOF_DEL    ---     0.452     R22C13D.A1 to     R22C13D.F1 OS01/SLICE_29
ROUTE         4     0.601     R22C13D.F1 to     R22C14B.A1 OS01/oscout13lto18_i_a2_15_4
CTOF_DEL    ---     0.452     R22C14B.A1 to     R22C14B.F1 OS01/SLICE_17
ROUTE         5     2.316     R22C14B.F1 to     R22C16D.B0 OS01/N_3_19
CTOF_DEL    ---     0.452     R22C16D.B0 to     R22C16D.F0 OS01/SLICE_36
ROUTE         1     0.678     R22C16D.F0 to     R23C16D.C0 OS01/oscout13lt21
CTOF_DEL    ---     0.452     R23C16D.C0 to     R23C16D.F0 OS01/SLICE_20
ROUTE         1     0.851     R23C16D.F0 to     R22C16C.A0 OS01/oscout_0_sqmuxa_2
CTOF_DEL    ---     0.452     R22C16C.A0 to     R22C16C.F0 OS01/SLICE_19
ROUTE         1     0.882     R22C16C.F0 to     R21C16B.B1 OS01/un1_oscout50_4_0
CTOF_DEL    ---     0.452     R21C16B.B1 to     R21C16B.F1 OS01/SLICE_18
ROUTE         3     0.399     R21C16B.F1 to     R21C16B.C0 OS01/un1_oscout50_4
CTOF_DEL    ---     0.452     R21C16B.C0 to     R21C16B.F0 OS01/SLICE_18
ROUTE         1     1.149     R21C16B.F0 to     R21C13A.A0 OS01/un1_oscout50_i
C0TOFCO_DE  ---     0.905     R21C13A.A0 to    R21C13A.FCO OS01/SLICE_0
ROUTE         1     0.000    R21C13A.FCO to    R21C13B.FCI OS01/un1_sdiv_cry_0
FCITOFCO_D  ---     0.146    R21C13B.FCI to    R21C13B.FCO OS01/SLICE_11
ROUTE         1     0.000    R21C13B.FCO to    R21C13C.FCI OS01/un1_sdiv_cry_2
FCITOFCO_D  ---     0.146    R21C13C.FCI to    R21C13C.FCO OS01/SLICE_10
ROUTE         1     0.000    R21C13C.FCO to    R21C13D.FCI OS01/un1_sdiv_cry_4
FCITOFCO_D  ---     0.146    R21C13D.FCI to    R21C13D.FCO OS01/SLICE_9
ROUTE         1     0.000    R21C13D.FCO to    R21C14A.FCI OS01/un1_sdiv_cry_6
FCITOFCO_D  ---     0.146    R21C14A.FCI to    R21C14A.FCO OS01/SLICE_8
ROUTE         1     0.000    R21C14A.FCO to    R21C14B.FCI OS01/un1_sdiv_cry_8
FCITOFCO_D  ---     0.146    R21C14B.FCI to    R21C14B.FCO OS01/SLICE_7
ROUTE         1     0.000    R21C14B.FCO to    R21C14C.FCI OS01/un1_sdiv_cry_10
FCITOFCO_D  ---     0.146    R21C14C.FCI to    R21C14C.FCO OS01/SLICE_6
ROUTE         1     0.000    R21C14C.FCO to    R21C14D.FCI OS01/un1_sdiv_cry_12
FCITOFCO_D  ---     0.146    R21C14D.FCI to    R21C14D.FCO OS01/SLICE_5
ROUTE         1     0.000    R21C14D.FCO to    R21C15A.FCI OS01/un1_sdiv_cry_14
FCITOFCO_D  ---     0.146    R21C15A.FCI to    R21C15A.FCO OS01/SLICE_4
ROUTE         1     0.000    R21C15A.FCO to    R21C15B.FCI OS01/un1_sdiv_cry_16
FCITOFCO_D  ---     0.146    R21C15B.FCI to    R21C15B.FCO OS01/SLICE_3
ROUTE         1     0.000    R21C15B.FCO to    R21C15C.FCI OS01/un1_sdiv_cry_18
FCITOFCO_D  ---     0.146    R21C15C.FCI to    R21C15C.FCO OS01/SLICE_2
ROUTE         1     0.000    R21C15C.FCO to    R21C15D.FCI OS01/un1_sdiv_cry_20
FCITOF0_DE  ---     0.517    R21C15D.FCI to     R21C15D.F0 OS01/SLICE_1
ROUTE         1     0.000     R21C15D.F0 to    R21C15D.DI0 OS01/sdiv_11[21] (to sclk)
                  --------
                   14.940   (43.2% logic, 56.8% route), 20 logic levels.

 Clock Skew Details: 

      Source Clock Path OS00/OSCIinst0 to OS01/SLICE_8:

   Name    Fanout   Delay (ns)          Site               Resource
ROUTE        13     3.729        OSC.OSC to    R21C14A.CLK sclk
                  --------
                    3.729   (0.0% logic, 100.0% route), 0 logic levels.

      Destination Clock Path OS00/OSCIinst0 to OS01/SLICE_1:

   Name    Fanout   Delay (ns)          Site               Resource
ROUTE        13     3.729        OSC.OSC to    R21C15D.CLK sclk
                  --------
                    3.729   (0.0% logic, 100.0% route), 0 logic levels.


Passed: The following path meets requirements by 465.733ns

 Logical Details:  Cell type  Pin type       Cell/ASIC name  (clock net +/-)

   Source:         FF         Q              OS01/sdiv[3]  (from sclk +)
   Destination:    FF         Data in        OS01/sdiv[21]  (to sclk +)

   Delay:              14.886ns  (43.4% logic, 56.6% route), 20 logic levels.

 Constraint Details:

     14.886ns physical path delay OS01/SLICE_10 to OS01/SLICE_1 meets
    480.769ns delay constraint less
      0.000ns skew and
      0.150ns DIN_SET requirement (totaling 480.619ns) by 465.733ns

 Physical Path Details:

      Data path OS01/SLICE_10 to OS01/SLICE_1:

   Name    Fanout   Delay (ns)          Site               Resource
REG_DEL     ---     0.409    R21C13C.CLK to     R21C13C.Q0 OS01/SLICE_10 (from sclk)
ROUTE         2     1.230     R21C13C.Q0 to     R22C13B.A1 OS01/sdiv[3]
CTOF_DEL    ---     0.452     R22C13B.A1 to     R22C13B.F1 OS01/SLICE_27
ROUTE         4     0.926     R22C13B.F1 to     R22C14B.B1 OS01/oscout13lto18_i_a2_15_5
CTOF_DEL    ---     0.452     R22C14B.B1 to     R22C14B.F1 OS01/SLICE_17
ROUTE         5     2.316     R22C14B.F1 to     R22C16D.B0 OS01/N_3_19
CTOF_DEL    ---     0.452     R22C16D.B0 to     R22C16D.F0 OS01/SLICE_36
ROUTE         1     0.678     R22C16D.F0 to     R23C16D.C0 OS01/oscout13lt21
CTOF_DEL    ---     0.452     R23C16D.C0 to     R23C16D.F0 OS01/SLICE_20
ROUTE         1     0.851     R23C16D.F0 to     R22C16C.A0 OS01/oscout_0_sqmuxa_2
CTOF_DEL    ---     0.452     R22C16C.A0 to     R22C16C.F0 OS01/SLICE_19
ROUTE         1     0.882     R22C16C.F0 to     R21C16B.B1 OS01/un1_oscout50_4_0
CTOF_DEL    ---     0.452     R21C16B.B1 to     R21C16B.F1 OS01/SLICE_18
ROUTE         3     0.399     R21C16B.F1 to     R21C16B.C0 OS01/un1_oscout50_4
CTOF_DEL    ---     0.452     R21C16B.C0 to     R21C16B.F0 OS01/SLICE_18
ROUTE         1     1.149     R21C16B.F0 to     R21C13A.A0 OS01/un1_oscout50_i
C0TOFCO_DE  ---     0.905     R21C13A.A0 to    R21C13A.FCO OS01/SLICE_0
ROUTE         1     0.000    R21C13A.FCO to    R21C13B.FCI OS01/un1_sdiv_cry_0
FCITOFCO_D  ---     0.146    R21C13B.FCI to    R21C13B.FCO OS01/SLICE_11
ROUTE         1     0.000    R21C13B.FCO to    R21C13C.FCI OS01/un1_sdiv_cry_2
FCITOFCO_D  ---     0.146    R21C13C.FCI to    R21C13C.FCO OS01/SLICE_10
ROUTE         1     0.000    R21C13C.FCO to    R21C13D.FCI OS01/un1_sdiv_cry_4
FCITOFCO_D  ---     0.146    R21C13D.FCI to    R21C13D.FCO OS01/SLICE_9
ROUTE         1     0.000    R21C13D.FCO to    R21C14A.FCI OS01/un1_sdiv_cry_6
FCITOFCO_D  ---     0.146    R21C14A.FCI to    R21C14A.FCO OS01/SLICE_8
ROUTE         1     0.000    R21C14A.FCO to    R21C14B.FCI OS01/un1_sdiv_cry_8
FCITOFCO_D  ---     0.146    R21C14B.FCI to    R21C14B.FCO OS01/SLICE_7
ROUTE         1     0.000    R21C14B.FCO to    R21C14C.FCI OS01/un1_sdiv_cry_10
FCITOFCO_D  ---     0.146    R21C14C.FCI to    R21C14C.FCO OS01/SLICE_6
ROUTE         1     0.000    R21C14C.FCO to    R21C14D.FCI OS01/un1_sdiv_cry_12
FCITOFCO_D  ---     0.146    R21C14D.FCI to    R21C14D.FCO OS01/SLICE_5
ROUTE         1     0.000    R21C14D.FCO to    R21C15A.FCI OS01/un1_sdiv_cry_14
FCITOFCO_D  ---     0.146    R21C15A.FCI to    R21C15A.FCO OS01/SLICE_4
ROUTE         1     0.000    R21C15A.FCO to    R21C15B.FCI OS01/un1_sdiv_cry_16
FCITOFCO_D  ---     0.146    R21C15B.FCI to    R21C15B.FCO OS01/SLICE_3
ROUTE         1     0.000    R21C15B.FCO to    R21C15C.FCI OS01/un1_sdiv_cry_18
FCITOFCO_D  ---     0.146    R21C15C.FCI to    R21C15C.FCO OS01/SLICE_2
ROUTE         1     0.000    R21C15C.FCO to    R21C15D.FCI OS01/un1_sdiv_cry_20
FCITOF0_DE  ---     0.517    R21C15D.FCI to     R21C15D.F0 OS01/SLICE_1
ROUTE         1     0.000     R21C15D.F0 to    R21C15D.DI0 OS01/sdiv_11[21] (to sclk)
                  --------
                   14.886   (43.4% logic, 56.6% route), 20 logic levels.

 Clock Skew Details: 

      Source Clock Path OS00/OSCIinst0 to OS01/SLICE_10:

   Name    Fanout   Delay (ns)          Site               Resource
ROUTE        13     3.729        OSC.OSC to    R21C13C.CLK sclk
                  --------
                    3.729   (0.0% logic, 100.0% route), 0 logic levels.

      Destination Clock Path OS00/OSCIinst0 to OS01/SLICE_1:

   Name    Fanout   Delay (ns)          Site               Resource
ROUTE        13     3.729        OSC.OSC to    R21C15D.CLK sclk
                  --------
                    3.729   (0.0% logic, 100.0% route), 0 logic levels.


Passed: The following path meets requirements by 465.773ns

 Logical Details:  Cell type  Pin type       Cell/ASIC name  (clock net +/-)

   Source:         FF         Q              OS01/sdiv[7]  (from sclk +)
   Destination:    FF         Data in        OS01/sdiv[20]  (to sclk +)

   Delay:              14.846ns  (42.8% logic, 57.2% route), 19 logic levels.

 Constraint Details:

     14.846ns physical path delay OS01/SLICE_8 to OS01/SLICE_2 meets
    480.769ns delay constraint less
      0.000ns skew and
      0.150ns DIN_SET requirement (totaling 480.619ns) by 465.773ns

 Physical Path Details:

      Data path OS01/SLICE_8 to OS01/SLICE_2:

   Name    Fanout   Delay (ns)          Site               Resource
REG_DEL     ---     0.409    R21C14A.CLK to     R21C14A.Q0 OS01/SLICE_8 (from sclk)
ROUTE         2     1.609     R21C14A.Q0 to     R22C13D.A1 OS01/sdiv[7]
CTOF_DEL    ---     0.452     R22C13D.A1 to     R22C13D.F1 OS01/SLICE_29
ROUTE         4     0.601     R22C13D.F1 to     R22C14B.A1 OS01/oscout13lto18_i_a2_15_4
CTOF_DEL    ---     0.452     R22C14B.A1 to     R22C14B.F1 OS01/SLICE_17
ROUTE         5     2.316     R22C14B.F1 to     R22C16D.B0 OS01/N_3_19
CTOF_DEL    ---     0.452     R22C16D.B0 to     R22C16D.F0 OS01/SLICE_36
ROUTE         1     0.678     R22C16D.F0 to     R23C16D.C0 OS01/oscout13lt21
CTOF_DEL    ---     0.452     R23C16D.C0 to     R23C16D.F0 OS01/SLICE_20
ROUTE         1     0.851     R23C16D.F0 to     R22C16C.A0 OS01/oscout_0_sqmuxa_2
CTOF_DEL    ---     0.452     R22C16C.A0 to     R22C16C.F0 OS01/SLICE_19
ROUTE         1     0.882     R22C16C.F0 to     R21C16B.B1 OS01/un1_oscout50_4_0
CTOF_DEL    ---     0.452     R21C16B.B1 to     R21C16B.F1 OS01/SLICE_18
ROUTE         3     0.399     R21C16B.F1 to     R21C16B.C0 OS01/un1_oscout50_4
CTOF_DEL    ---     0.452     R21C16B.C0 to     R21C16B.F0 OS01/SLICE_18
ROUTE         1     1.149     R21C16B.F0 to     R21C13A.A0 OS01/un1_oscout50_i
C0TOFCO_DE  ---     0.905     R21C13A.A0 to    R21C13A.FCO OS01/SLICE_0
ROUTE         1     0.000    R21C13A.FCO to    R21C13B.FCI OS01/un1_sdiv_cry_0
FCITOFCO_D  ---     0.146    R21C13B.FCI to    R21C13B.FCO OS01/SLICE_11
ROUTE         1     0.000    R21C13B.FCO to    R21C13C.FCI OS01/un1_sdiv_cry_2
FCITOFCO_D  ---     0.146    R21C13C.FCI to    R21C13C.FCO OS01/SLICE_10
ROUTE         1     0.000    R21C13C.FCO to    R21C13D.FCI OS01/un1_sdiv_cry_4
FCITOFCO_D  ---     0.146    R21C13D.FCI to    R21C13D.FCO OS01/SLICE_9
ROUTE         1     0.000    R21C13D.FCO to    R21C14A.FCI OS01/un1_sdiv_cry_6
FCITOFCO_D  ---     0.146    R21C14A.FCI to    R21C14A.FCO OS01/SLICE_8
ROUTE         1     0.000    R21C14A.FCO to    R21C14B.FCI OS01/un1_sdiv_cry_8
FCITOFCO_D  ---     0.146    R21C14B.FCI to    R21C14B.FCO OS01/SLICE_7
ROUTE         1     0.000    R21C14B.FCO to    R21C14C.FCI OS01/un1_sdiv_cry_10
FCITOFCO_D  ---     0.146    R21C14C.FCI to    R21C14C.FCO OS01/SLICE_6
ROUTE         1     0.000    R21C14C.FCO to    R21C14D.FCI OS01/un1_sdiv_cry_12
FCITOFCO_D  ---     0.146    R21C14D.FCI to    R21C14D.FCO OS01/SLICE_5
ROUTE         1     0.000    R21C14D.FCO to    R21C15A.FCI OS01/un1_sdiv_cry_14
FCITOFCO_D  ---     0.146    R21C15A.FCI to    R21C15A.FCO OS01/SLICE_4
ROUTE         1     0.000    R21C15A.FCO to    R21C15B.FCI OS01/un1_sdiv_cry_16
FCITOFCO_D  ---     0.146    R21C15B.FCI to    R21C15B.FCO OS01/SLICE_3
ROUTE         1     0.000    R21C15B.FCO to    R21C15C.FCI OS01/un1_sdiv_cry_18
FCITOF1_DE  ---     0.569    R21C15C.FCI to     R21C15C.F1 OS01/SLICE_2
ROUTE         1     0.000     R21C15C.F1 to    R21C15C.DI1 OS01/sdiv_11[20] (to sclk)
                  --------
                   14.846   (42.8% logic, 57.2% route), 19 logic levels.

 Clock Skew Details: 

      Source Clock Path OS00/OSCIinst0 to OS01/SLICE_8:

   Name    Fanout   Delay (ns)          Site               Resource
ROUTE        13     3.729        OSC.OSC to    R21C14A.CLK sclk
                  --------
                    3.729   (0.0% logic, 100.0% route), 0 logic levels.

      Destination Clock Path OS00/OSCIinst0 to OS01/SLICE_2:

   Name    Fanout   Delay (ns)          Site               Resource
ROUTE        13     3.729        OSC.OSC to    R21C15C.CLK sclk
                  --------
                    3.729   (0.0% logic, 100.0% route), 0 logic levels.


Passed: The following path meets requirements by 465.825ns

 Logical Details:  Cell type  Pin type       Cell/ASIC name  (clock net +/-)

   Source:         FF         Q              OS01/sdiv[7]  (from sclk +)
   Destination:    FF         Data in        OS01/sdiv[19]  (to sclk +)

   Delay:              14.794ns  (42.6% logic, 57.4% route), 19 logic levels.

 Constraint Details:

     14.794ns physical path delay OS01/SLICE_8 to OS01/SLICE_2 meets
    480.769ns delay constraint less
      0.000ns skew and
      0.150ns DIN_SET requirement (totaling 480.619ns) by 465.825ns

 Physical Path Details:

      Data path OS01/SLICE_8 to OS01/SLICE_2:

   Name    Fanout   Delay (ns)          Site               Resource
REG_DEL     ---     0.409    R21C14A.CLK to     R21C14A.Q0 OS01/SLICE_8 (from sclk)
ROUTE         2     1.609     R21C14A.Q0 to     R22C13D.A1 OS01/sdiv[7]
CTOF_DEL    ---     0.452     R22C13D.A1 to     R22C13D.F1 OS01/SLICE_29
ROUTE         4     0.601     R22C13D.F1 to     R22C14B.A1 OS01/oscout13lto18_i_a2_15_4
CTOF_DEL    ---     0.452     R22C14B.A1 to     R22C14B.F1 OS01/SLICE_17
ROUTE         5     2.316     R22C14B.F1 to     R22C16D.B0 OS01/N_3_19
CTOF_DEL    ---     0.452     R22C16D.B0 to     R22C16D.F0 OS01/SLICE_36
ROUTE         1     0.678     R22C16D.F0 to     R23C16D.C0 OS01/oscout13lt21
CTOF_DEL    ---     0.452     R23C16D.C0 to     R23C16D.F0 OS01/SLICE_20
ROUTE         1     0.851     R23C16D.F0 to     R22C16C.A0 OS01/oscout_0_sqmuxa_2
CTOF_DEL    ---     0.452     R22C16C.A0 to     R22C16C.F0 OS01/SLICE_19
ROUTE         1     0.882     R22C16C.F0 to     R21C16B.B1 OS01/un1_oscout50_4_0
CTOF_DEL    ---     0.452     R21C16B.B1 to     R21C16B.F1 OS01/SLICE_18
ROUTE         3     0.399     R21C16B.F1 to     R21C16B.C0 OS01/un1_oscout50_4
CTOF_DEL    ---     0.452     R21C16B.C0 to     R21C16B.F0 OS01/SLICE_18
ROUTE         1     1.149     R21C16B.F0 to     R21C13A.A0 OS01/un1_oscout50_i
C0TOFCO_DE  ---     0.905     R21C13A.A0 to    R21C13A.FCO OS01/SLICE_0
ROUTE         1     0.000    R21C13A.FCO to    R21C13B.FCI OS01/un1_sdiv_cry_0
FCITOFCO_D  ---     0.146    R21C13B.FCI to    R21C13B.FCO OS01/SLICE_11
ROUTE         1     0.000    R21C13B.FCO to    R21C13C.FCI OS01/un1_sdiv_cry_2
FCITOFCO_D  ---     0.146    R21C13C.FCI to    R21C13C.FCO OS01/SLICE_10
ROUTE         1     0.000    R21C13C.FCO to    R21C13D.FCI OS01/un1_sdiv_cry_4
FCITOFCO_D  ---     0.146    R21C13D.FCI to    R21C13D.FCO OS01/SLICE_9
ROUTE         1     0.000    R21C13D.FCO to    R21C14A.FCI OS01/un1_sdiv_cry_6
FCITOFCO_D  ---     0.146    R21C14A.FCI to    R21C14A.FCO OS01/SLICE_8
ROUTE         1     0.000    R21C14A.FCO to    R21C14B.FCI OS01/un1_sdiv_cry_8
FCITOFCO_D  ---     0.146    R21C14B.FCI to    R21C14B.FCO OS01/SLICE_7
ROUTE         1     0.000    R21C14B.FCO to    R21C14C.FCI OS01/un1_sdiv_cry_10
FCITOFCO_D  ---     0.146    R21C14C.FCI to    R21C14C.FCO OS01/SLICE_6
ROUTE         1     0.000    R21C14C.FCO to    R21C14D.FCI OS01/un1_sdiv_cry_12
FCITOFCO_D  ---     0.146    R21C14D.FCI to    R21C14D.FCO OS01/SLICE_5
ROUTE         1     0.000    R21C14D.FCO to    R21C15A.FCI OS01/un1_sdiv_cry_14
FCITOFCO_D  ---     0.146    R21C15A.FCI to    R21C15A.FCO OS01/SLICE_4
ROUTE         1     0.000    R21C15A.FCO to    R21C15B.FCI OS01/un1_sdiv_cry_16
FCITOFCO_D  ---     0.146    R21C15B.FCI to    R21C15B.FCO OS01/SLICE_3
ROUTE         1     0.000    R21C15B.FCO to    R21C15C.FCI OS01/un1_sdiv_cry_18
FCITOF0_DE  ---     0.517    R21C15C.FCI to     R21C15C.F0 OS01/SLICE_2
ROUTE         1     0.000     R21C15C.F0 to    R21C15C.DI0 OS01/sdiv_11[19] (to sclk)
                  --------
                   14.794   (42.6% logic, 57.4% route), 19 logic levels.

 Clock Skew Details: 

      Source Clock Path OS00/OSCIinst0 to OS01/SLICE_8:

   Name    Fanout   Delay (ns)          Site               Resource
ROUTE        13     3.729        OSC.OSC to    R21C14A.CLK sclk
                  --------
                    3.729   (0.0% logic, 100.0% route), 0 logic levels.

      Destination Clock Path OS00/OSCIinst0 to OS01/SLICE_2:

   Name    Fanout   Delay (ns)          Site               Resource
ROUTE        13     3.729        OSC.OSC to    R21C15C.CLK sclk
                  --------
                    3.729   (0.0% logic, 100.0% route), 0 logic levels.


Passed: The following path meets requirements by 465.827ns

 Logical Details:  Cell type  Pin type       Cell/ASIC name  (clock net +/-)

   Source:         FF         Q              OS01/sdiv[3]  (from sclk +)
   Destination:    FF         Data in        OS01/sdiv[20]  (to sclk +)

   Delay:              14.792ns  (43.0% logic, 57.0% route), 19 logic levels.

 Constraint Details:

     14.792ns physical path delay OS01/SLICE_10 to OS01/SLICE_2 meets
    480.769ns delay constraint less
      0.000ns skew and
      0.150ns DIN_SET requirement (totaling 480.619ns) by 465.827ns

 Physical Path Details:

      Data path OS01/SLICE_10 to OS01/SLICE_2:

   Name    Fanout   Delay (ns)          Site               Resource
REG_DEL     ---     0.409    R21C13C.CLK to     R21C13C.Q0 OS01/SLICE_10 (from sclk)
ROUTE         2     1.230     R21C13C.Q0 to     R22C13B.A1 OS01/sdiv[3]
CTOF_DEL    ---     0.452     R22C13B.A1 to     R22C13B.F1 OS01/SLICE_27
ROUTE         4     0.926     R22C13B.F1 to     R22C14B.B1 OS01/oscout13lto18_i_a2_15_5
CTOF_DEL    ---     0.452     R22C14B.B1 to     R22C14B.F1 OS01/SLICE_17
ROUTE         5     2.316     R22C14B.F1 to     R22C16D.B0 OS01/N_3_19
CTOF_DEL    ---     0.452     R22C16D.B0 to     R22C16D.F0 OS01/SLICE_36
ROUTE         1     0.678     R22C16D.F0 to     R23C16D.C0 OS01/oscout13lt21
CTOF_DEL    ---     0.452     R23C16D.C0 to     R23C16D.F0 OS01/SLICE_20
ROUTE         1     0.851     R23C16D.F0 to     R22C16C.A0 OS01/oscout_0_sqmuxa_2
CTOF_DEL    ---     0.452     R22C16C.A0 to     R22C16C.F0 OS01/SLICE_19
ROUTE         1     0.882     R22C16C.F0 to     R21C16B.B1 OS01/un1_oscout50_4_0
CTOF_DEL    ---     0.452     R21C16B.B1 to     R21C16B.F1 OS01/SLICE_18
ROUTE         3     0.399     R21C16B.F1 to     R21C16B.C0 OS01/un1_oscout50_4
CTOF_DEL    ---     0.452     R21C16B.C0 to     R21C16B.F0 OS01/SLICE_18
ROUTE         1     1.149     R21C16B.F0 to     R21C13A.A0 OS01/un1_oscout50_i
C0TOFCO_DE  ---     0.905     R21C13A.A0 to    R21C13A.FCO OS01/SLICE_0
ROUTE         1     0.000    R21C13A.FCO to    R21C13B.FCI OS01/un1_sdiv_cry_0
FCITOFCO_D  ---     0.146    R21C13B.FCI to    R21C13B.FCO OS01/SLICE_11
ROUTE         1     0.000    R21C13B.FCO to    R21C13C.FCI OS01/un1_sdiv_cry_2
FCITOFCO_D  ---     0.146    R21C13C.FCI to    R21C13C.FCO OS01/SLICE_10
ROUTE         1     0.000    R21C13C.FCO to    R21C13D.FCI OS01/un1_sdiv_cry_4
FCITOFCO_D  ---     0.146    R21C13D.FCI to    R21C13D.FCO OS01/SLICE_9
ROUTE         1     0.000    R21C13D.FCO to    R21C14A.FCI OS01/un1_sdiv_cry_6
FCITOFCO_D  ---     0.146    R21C14A.FCI to    R21C14A.FCO OS01/SLICE_8
ROUTE         1     0.000    R21C14A.FCO to    R21C14B.FCI OS01/un1_sdiv_cry_8
FCITOFCO_D  ---     0.146    R21C14B.FCI to    R21C14B.FCO OS01/SLICE_7
ROUTE         1     0.000    R21C14B.FCO to    R21C14C.FCI OS01/un1_sdiv_cry_10
FCITOFCO_D  ---     0.146    R21C14C.FCI to    R21C14C.FCO OS01/SLICE_6
ROUTE         1     0.000    R21C14C.FCO to    R21C14D.FCI OS01/un1_sdiv_cry_12
FCITOFCO_D  ---     0.146    R21C14D.FCI to    R21C14D.FCO OS01/SLICE_5
ROUTE         1     0.000    R21C14D.FCO to    R21C15A.FCI OS01/un1_sdiv_cry_14
FCITOFCO_D  ---     0.146    R21C15A.FCI to    R21C15A.FCO OS01/SLICE_4
ROUTE         1     0.000    R21C15A.FCO to    R21C15B.FCI OS01/un1_sdiv_cry_16
FCITOFCO_D  ---     0.146    R21C15B.FCI to    R21C15B.FCO OS01/SLICE_3
ROUTE         1     0.000    R21C15B.FCO to    R21C15C.FCI OS01/un1_sdiv_cry_18
FCITOF1_DE  ---     0.569    R21C15C.FCI to     R21C15C.F1 OS01/SLICE_2
ROUTE         1     0.000     R21C15C.F1 to    R21C15C.DI1 OS01/sdiv_11[20] (to sclk)
                  --------
                   14.792   (43.0% logic, 57.0% route), 19 logic levels.

 Clock Skew Details: 

      Source Clock Path OS00/OSCIinst0 to OS01/SLICE_10:

   Name    Fanout   Delay (ns)          Site               Resource
ROUTE        13     3.729        OSC.OSC to    R21C13C.CLK sclk
                  --------
                    3.729   (0.0% logic, 100.0% route), 0 logic levels.

      Destination Clock Path OS00/OSCIinst0 to OS01/SLICE_2:

   Name    Fanout   Delay (ns)          Site               Resource
ROUTE        13     3.729        OSC.OSC to    R21C15C.CLK sclk
                  --------
                    3.729   (0.0% logic, 100.0% route), 0 logic levels.


Passed: The following path meets requirements by 465.879ns

 Logical Details:  Cell type  Pin type       Cell/ASIC name  (clock net +/-)

   Source:         FF         Q              OS01/sdiv[3]  (from sclk +)
   Destination:    FF         Data in        OS01/sdiv[19]  (to sclk +)

   Delay:              14.740ns  (42.8% logic, 57.2% route), 19 logic levels.

 Constraint Details:

     14.740ns physical path delay OS01/SLICE_10 to OS01/SLICE_2 meets
    480.769ns delay constraint less
      0.000ns skew and
      0.150ns DIN_SET requirement (totaling 480.619ns) by 465.879ns

 Physical Path Details:

      Data path OS01/SLICE_10 to OS01/SLICE_2:

   Name    Fanout   Delay (ns)          Site               Resource
REG_DEL     ---     0.409    R21C13C.CLK to     R21C13C.Q0 OS01/SLICE_10 (from sclk)
ROUTE         2     1.230     R21C13C.Q0 to     R22C13B.A1 OS01/sdiv[3]
CTOF_DEL    ---     0.452     R22C13B.A1 to     R22C13B.F1 OS01/SLICE_27
ROUTE         4     0.926     R22C13B.F1 to     R22C14B.B1 OS01/oscout13lto18_i_a2_15_5
CTOF_DEL    ---     0.452     R22C14B.B1 to     R22C14B.F1 OS01/SLICE_17
ROUTE         5     2.316     R22C14B.F1 to     R22C16D.B0 OS01/N_3_19
CTOF_DEL    ---     0.452     R22C16D.B0 to     R22C16D.F0 OS01/SLICE_36
ROUTE         1     0.678     R22C16D.F0 to     R23C16D.C0 OS01/oscout13lt21
CTOF_DEL    ---     0.452     R23C16D.C0 to     R23C16D.F0 OS01/SLICE_20
ROUTE         1     0.851     R23C16D.F0 to     R22C16C.A0 OS01/oscout_0_sqmuxa_2
CTOF_DEL    ---     0.452     R22C16C.A0 to     R22C16C.F0 OS01/SLICE_19
ROUTE         1     0.882     R22C16C.F0 to     R21C16B.B1 OS01/un1_oscout50_4_0
CTOF_DEL    ---     0.452     R21C16B.B1 to     R21C16B.F1 OS01/SLICE_18
ROUTE         3     0.399     R21C16B.F1 to     R21C16B.C0 OS01/un1_oscout50_4
CTOF_DEL    ---     0.452     R21C16B.C0 to     R21C16B.F0 OS01/SLICE_18
ROUTE         1     1.149     R21C16B.F0 to     R21C13A.A0 OS01/un1_oscout50_i
C0TOFCO_DE  ---     0.905     R21C13A.A0 to    R21C13A.FCO OS01/SLICE_0
ROUTE         1     0.000    R21C13A.FCO to    R21C13B.FCI OS01/un1_sdiv_cry_0
FCITOFCO_D  ---     0.146    R21C13B.FCI to    R21C13B.FCO OS01/SLICE_11
ROUTE         1     0.000    R21C13B.FCO to    R21C13C.FCI OS01/un1_sdiv_cry_2
FCITOFCO_D  ---     0.146    R21C13C.FCI to    R21C13C.FCO OS01/SLICE_10
ROUTE         1     0.000    R21C13C.FCO to    R21C13D.FCI OS01/un1_sdiv_cry_4
FCITOFCO_D  ---     0.146    R21C13D.FCI to    R21C13D.FCO OS01/SLICE_9
ROUTE         1     0.000    R21C13D.FCO to    R21C14A.FCI OS01/un1_sdiv_cry_6
FCITOFCO_D  ---     0.146    R21C14A.FCI to    R21C14A.FCO OS01/SLICE_8
ROUTE         1     0.000    R21C14A.FCO to    R21C14B.FCI OS01/un1_sdiv_cry_8
FCITOFCO_D  ---     0.146    R21C14B.FCI to    R21C14B.FCO OS01/SLICE_7
ROUTE         1     0.000    R21C14B.FCO to    R21C14C.FCI OS01/un1_sdiv_cry_10
FCITOFCO_D  ---     0.146    R21C14C.FCI to    R21C14C.FCO OS01/SLICE_6
ROUTE         1     0.000    R21C14C.FCO to    R21C14D.FCI OS01/un1_sdiv_cry_12
FCITOFCO_D  ---     0.146    R21C14D.FCI to    R21C14D.FCO OS01/SLICE_5
ROUTE         1     0.000    R21C14D.FCO to    R21C15A.FCI OS01/un1_sdiv_cry_14
FCITOFCO_D  ---     0.146    R21C15A.FCI to    R21C15A.FCO OS01/SLICE_4
ROUTE         1     0.000    R21C15A.FCO to    R21C15B.FCI OS01/un1_sdiv_cry_16
FCITOFCO_D  ---     0.146    R21C15B.FCI to    R21C15B.FCO OS01/SLICE_3
ROUTE         1     0.000    R21C15B.FCO to    R21C15C.FCI OS01/un1_sdiv_cry_18
FCITOF0_DE  ---     0.517    R21C15C.FCI to     R21C15C.F0 OS01/SLICE_2
ROUTE         1     0.000     R21C15C.F0 to    R21C15C.DI0 OS01/sdiv_11[19] (to sclk)
                  --------
                   14.740   (42.8% logic, 57.2% route), 19 logic levels.

 Clock Skew Details: 

      Source Clock Path OS00/OSCIinst0 to OS01/SLICE_10:

   Name    Fanout   Delay (ns)          Site               Resource
ROUTE        13     3.729        OSC.OSC to    R21C13C.CLK sclk
                  --------
                    3.729   (0.0% logic, 100.0% route), 0 logic levels.

      Destination Clock Path OS00/OSCIinst0 to OS01/SLICE_2:

   Name    Fanout   Delay (ns)          Site               Resource
ROUTE        13     3.729        OSC.OSC to    R21C15C.CLK sclk
                  --------
                    3.729   (0.0% logic, 100.0% route), 0 logic levels.


Passed: The following path meets requirements by 465.919ns

 Logical Details:  Cell type  Pin type       Cell/ASIC name  (clock net +/-)

   Source:         FF         Q              OS01/sdiv[7]  (from sclk +)
   Destination:    FF         Data in        OS01/sdiv[18]  (to sclk +)

   Delay:              14.700ns  (42.3% logic, 57.7% route), 18 logic levels.

 Constraint Details:

     14.700ns physical path delay OS01/SLICE_8 to OS01/SLICE_3 meets
    480.769ns delay constraint less
      0.000ns skew and
      0.150ns DIN_SET requirement (totaling 480.619ns) by 465.919ns

 Physical Path Details:

      Data path OS01/SLICE_8 to OS01/SLICE_3:

   Name    Fanout   Delay (ns)          Site               Resource
REG_DEL     ---     0.409    R21C14A.CLK to     R21C14A.Q0 OS01/SLICE_8 (from sclk)
ROUTE         2     1.609     R21C14A.Q0 to     R22C13D.A1 OS01/sdiv[7]
CTOF_DEL    ---     0.452     R22C13D.A1 to     R22C13D.F1 OS01/SLICE_29
ROUTE         4     0.601     R22C13D.F1 to     R22C14B.A1 OS01/oscout13lto18_i_a2_15_4
CTOF_DEL    ---     0.452     R22C14B.A1 to     R22C14B.F1 OS01/SLICE_17
ROUTE         5     2.316     R22C14B.F1 to     R22C16D.B0 OS01/N_3_19
CTOF_DEL    ---     0.452     R22C16D.B0 to     R22C16D.F0 OS01/SLICE_36
ROUTE         1     0.678     R22C16D.F0 to     R23C16D.C0 OS01/oscout13lt21
CTOF_DEL    ---     0.452     R23C16D.C0 to     R23C16D.F0 OS01/SLICE_20
ROUTE         1     0.851     R23C16D.F0 to     R22C16C.A0 OS01/oscout_0_sqmuxa_2
CTOF_DEL    ---     0.452     R22C16C.A0 to     R22C16C.F0 OS01/SLICE_19
ROUTE         1     0.882     R22C16C.F0 to     R21C16B.B1 OS01/un1_oscout50_4_0
CTOF_DEL    ---     0.452     R21C16B.B1 to     R21C16B.F1 OS01/SLICE_18
ROUTE         3     0.399     R21C16B.F1 to     R21C16B.C0 OS01/un1_oscout50_4
CTOF_DEL    ---     0.452     R21C16B.C0 to     R21C16B.F0 OS01/SLICE_18
ROUTE         1     1.149     R21C16B.F0 to     R21C13A.A0 OS01/un1_oscout50_i
C0TOFCO_DE  ---     0.905     R21C13A.A0 to    R21C13A.FCO OS01/SLICE_0
ROUTE         1     0.000    R21C13A.FCO to    R21C13B.FCI OS01/un1_sdiv_cry_0
FCITOFCO_D  ---     0.146    R21C13B.FCI to    R21C13B.FCO OS01/SLICE_11
ROUTE         1     0.000    R21C13B.FCO to    R21C13C.FCI OS01/un1_sdiv_cry_2
FCITOFCO_D  ---     0.146    R21C13C.FCI to    R21C13C.FCO OS01/SLICE_10
ROUTE         1     0.000    R21C13C.FCO to    R21C13D.FCI OS01/un1_sdiv_cry_4
FCITOFCO_D  ---     0.146    R21C13D.FCI to    R21C13D.FCO OS01/SLICE_9
ROUTE         1     0.000    R21C13D.FCO to    R21C14A.FCI OS01/un1_sdiv_cry_6
FCITOFCO_D  ---     0.146    R21C14A.FCI to    R21C14A.FCO OS01/SLICE_8
ROUTE         1     0.000    R21C14A.FCO to    R21C14B.FCI OS01/un1_sdiv_cry_8
FCITOFCO_D  ---     0.146    R21C14B.FCI to    R21C14B.FCO OS01/SLICE_7
ROUTE         1     0.000    R21C14B.FCO to    R21C14C.FCI OS01/un1_sdiv_cry_10
FCITOFCO_D  ---     0.146    R21C14C.FCI to    R21C14C.FCO OS01/SLICE_6
ROUTE         1     0.000    R21C14C.FCO to    R21C14D.FCI OS01/un1_sdiv_cry_12
FCITOFCO_D  ---     0.146    R21C14D.FCI to    R21C14D.FCO OS01/SLICE_5
ROUTE         1     0.000    R21C14D.FCO to    R21C15A.FCI OS01/un1_sdiv_cry_14
FCITOFCO_D  ---     0.146    R21C15A.FCI to    R21C15A.FCO OS01/SLICE_4
ROUTE         1     0.000    R21C15A.FCO to    R21C15B.FCI OS01/un1_sdiv_cry_16
FCITOF1_DE  ---     0.569    R21C15B.FCI to     R21C15B.F1 OS01/SLICE_3
ROUTE         1     0.000     R21C15B.F1 to    R21C15B.DI1 OS01/sdiv_11[18] (to sclk)
                  --------
                   14.700   (42.3% logic, 57.7% route), 18 logic levels.

 Clock Skew Details: 

      Source Clock Path OS00/OSCIinst0 to OS01/SLICE_8:

   Name    Fanout   Delay (ns)          Site               Resource
ROUTE        13     3.729        OSC.OSC to    R21C14A.CLK sclk
                  --------
                    3.729   (0.0% logic, 100.0% route), 0 logic levels.

      Destination Clock Path OS00/OSCIinst0 to OS01/SLICE_3:

   Name    Fanout   Delay (ns)          Site               Resource
ROUTE        13     3.729        OSC.OSC to    R21C15B.CLK sclk
                  --------
                    3.729   (0.0% logic, 100.0% route), 0 logic levels.


Passed: The following path meets requirements by 465.971ns

 Logical Details:  Cell type  Pin type       Cell/ASIC name  (clock net +/-)

   Source:         FF         Q              OS01/sdiv[7]  (from sclk +)
   Destination:    FF         Data in        OS01/sdiv[17]  (to sclk +)

   Delay:              14.648ns  (42.1% logic, 57.9% route), 18 logic levels.

 Constraint Details:

     14.648ns physical path delay OS01/SLICE_8 to OS01/SLICE_3 meets
    480.769ns delay constraint less
      0.000ns skew and
      0.150ns DIN_SET requirement (totaling 480.619ns) by 465.971ns

 Physical Path Details:

      Data path OS01/SLICE_8 to OS01/SLICE_3:

   Name    Fanout   Delay (ns)          Site               Resource
REG_DEL     ---     0.409    R21C14A.CLK to     R21C14A.Q0 OS01/SLICE_8 (from sclk)
ROUTE         2     1.609     R21C14A.Q0 to     R22C13D.A1 OS01/sdiv[7]
CTOF_DEL    ---     0.452     R22C13D.A1 to     R22C13D.F1 OS01/SLICE_29
ROUTE         4     0.601     R22C13D.F1 to     R22C14B.A1 OS01/oscout13lto18_i_a2_15_4
CTOF_DEL    ---     0.452     R22C14B.A1 to     R22C14B.F1 OS01/SLICE_17
ROUTE         5     2.316     R22C14B.F1 to     R22C16D.B0 OS01/N_3_19
CTOF_DEL    ---     0.452     R22C16D.B0 to     R22C16D.F0 OS01/SLICE_36
ROUTE         1     0.678     R22C16D.F0 to     R23C16D.C0 OS01/oscout13lt21
CTOF_DEL    ---     0.452     R23C16D.C0 to     R23C16D.F0 OS01/SLICE_20
ROUTE         1     0.851     R23C16D.F0 to     R22C16C.A0 OS01/oscout_0_sqmuxa_2
CTOF_DEL    ---     0.452     R22C16C.A0 to     R22C16C.F0 OS01/SLICE_19
ROUTE         1     0.882     R22C16C.F0 to     R21C16B.B1 OS01/un1_oscout50_4_0
CTOF_DEL    ---     0.452     R21C16B.B1 to     R21C16B.F1 OS01/SLICE_18
ROUTE         3     0.399     R21C16B.F1 to     R21C16B.C0 OS01/un1_oscout50_4
CTOF_DEL    ---     0.452     R21C16B.C0 to     R21C16B.F0 OS01/SLICE_18
ROUTE         1     1.149     R21C16B.F0 to     R21C13A.A0 OS01/un1_oscout50_i
C0TOFCO_DE  ---     0.905     R21C13A.A0 to    R21C13A.FCO OS01/SLICE_0
ROUTE         1     0.000    R21C13A.FCO to    R21C13B.FCI OS01/un1_sdiv_cry_0
FCITOFCO_D  ---     0.146    R21C13B.FCI to    R21C13B.FCO OS01/SLICE_11
ROUTE         1     0.000    R21C13B.FCO to    R21C13C.FCI OS01/un1_sdiv_cry_2
FCITOFCO_D  ---     0.146    R21C13C.FCI to    R21C13C.FCO OS01/SLICE_10
ROUTE         1     0.000    R21C13C.FCO to    R21C13D.FCI OS01/un1_sdiv_cry_4
FCITOFCO_D  ---     0.146    R21C13D.FCI to    R21C13D.FCO OS01/SLICE_9
ROUTE         1     0.000    R21C13D.FCO to    R21C14A.FCI OS01/un1_sdiv_cry_6
FCITOFCO_D  ---     0.146    R21C14A.FCI to    R21C14A.FCO OS01/SLICE_8
ROUTE         1     0.000    R21C14A.FCO to    R21C14B.FCI OS01/un1_sdiv_cry_8
FCITOFCO_D  ---     0.146    R21C14B.FCI to    R21C14B.FCO OS01/SLICE_7
ROUTE         1     0.000    R21C14B.FCO to    R21C14C.FCI OS01/un1_sdiv_cry_10
FCITOFCO_D  ---     0.146    R21C14C.FCI to    R21C14C.FCO OS01/SLICE_6
ROUTE         1     0.000    R21C14C.FCO to    R21C14D.FCI OS01/un1_sdiv_cry_12
FCITOFCO_D  ---     0.146    R21C14D.FCI to    R21C14D.FCO OS01/SLICE_5
ROUTE         1     0.000    R21C14D.FCO to    R21C15A.FCI OS01/un1_sdiv_cry_14
FCITOFCO_D  ---     0.146    R21C15A.FCI to    R21C15A.FCO OS01/SLICE_4
ROUTE         1     0.000    R21C15A.FCO to    R21C15B.FCI OS01/un1_sdiv_cry_16
FCITOF0_DE  ---     0.517    R21C15B.FCI to     R21C15B.F0 OS01/SLICE_3
ROUTE         1     0.000     R21C15B.F0 to    R21C15B.DI0 OS01/sdiv_11[17] (to sclk)
                  --------
                   14.648   (42.1% logic, 57.9% route), 18 logic levels.

 Clock Skew Details: 

      Source Clock Path OS00/OSCIinst0 to OS01/SLICE_8:

   Name    Fanout   Delay (ns)          Site               Resource
ROUTE        13     3.729        OSC.OSC to    R21C14A.CLK sclk
                  --------
                    3.729   (0.0% logic, 100.0% route), 0 logic levels.

      Destination Clock Path OS00/OSCIinst0 to OS01/SLICE_3:

   Name    Fanout   Delay (ns)          Site               Resource
ROUTE        13     3.729        OSC.OSC to    R21C15B.CLK sclk
                  --------
                    3.729   (0.0% logic, 100.0% route), 0 logic levels.


Passed: The following path meets requirements by 465.973ns

 Logical Details:  Cell type  Pin type       Cell/ASIC name  (clock net +/-)

   Source:         FF         Q              OS01/sdiv[3]  (from sclk +)
   Destination:    FF         Data in        OS01/sdiv[18]  (to sclk +)

   Delay:              14.646ns  (42.4% logic, 57.6% route), 18 logic levels.

 Constraint Details:

     14.646ns physical path delay OS01/SLICE_10 to OS01/SLICE_3 meets
    480.769ns delay constraint less
      0.000ns skew and
      0.150ns DIN_SET requirement (totaling 480.619ns) by 465.973ns

 Physical Path Details:

      Data path OS01/SLICE_10 to OS01/SLICE_3:

   Name    Fanout   Delay (ns)          Site               Resource
REG_DEL     ---     0.409    R21C13C.CLK to     R21C13C.Q0 OS01/SLICE_10 (from sclk)
ROUTE         2     1.230     R21C13C.Q0 to     R22C13B.A1 OS01/sdiv[3]
CTOF_DEL    ---     0.452     R22C13B.A1 to     R22C13B.F1 OS01/SLICE_27
ROUTE         4     0.926     R22C13B.F1 to     R22C14B.B1 OS01/oscout13lto18_i_a2_15_5
CTOF_DEL    ---     0.452     R22C14B.B1 to     R22C14B.F1 OS01/SLICE_17
ROUTE         5     2.316     R22C14B.F1 to     R22C16D.B0 OS01/N_3_19
CTOF_DEL    ---     0.452     R22C16D.B0 to     R22C16D.F0 OS01/SLICE_36
ROUTE         1     0.678     R22C16D.F0 to     R23C16D.C0 OS01/oscout13lt21
CTOF_DEL    ---     0.452     R23C16D.C0 to     R23C16D.F0 OS01/SLICE_20
ROUTE         1     0.851     R23C16D.F0 to     R22C16C.A0 OS01/oscout_0_sqmuxa_2
CTOF_DEL    ---     0.452     R22C16C.A0 to     R22C16C.F0 OS01/SLICE_19
ROUTE         1     0.882     R22C16C.F0 to     R21C16B.B1 OS01/un1_oscout50_4_0
CTOF_DEL    ---     0.452     R21C16B.B1 to     R21C16B.F1 OS01/SLICE_18
ROUTE         3     0.399     R21C16B.F1 to     R21C16B.C0 OS01/un1_oscout50_4
CTOF_DEL    ---     0.452     R21C16B.C0 to     R21C16B.F0 OS01/SLICE_18
ROUTE         1     1.149     R21C16B.F0 to     R21C13A.A0 OS01/un1_oscout50_i
C0TOFCO_DE  ---     0.905     R21C13A.A0 to    R21C13A.FCO OS01/SLICE_0
ROUTE         1     0.000    R21C13A.FCO to    R21C13B.FCI OS01/un1_sdiv_cry_0
FCITOFCO_D  ---     0.146    R21C13B.FCI to    R21C13B.FCO OS01/SLICE_11
ROUTE         1     0.000    R21C13B.FCO to    R21C13C.FCI OS01/un1_sdiv_cry_2
FCITOFCO_D  ---     0.146    R21C13C.FCI to    R21C13C.FCO OS01/SLICE_10
ROUTE         1     0.000    R21C13C.FCO to    R21C13D.FCI OS01/un1_sdiv_cry_4
FCITOFCO_D  ---     0.146    R21C13D.FCI to    R21C13D.FCO OS01/SLICE_9
ROUTE         1     0.000    R21C13D.FCO to    R21C14A.FCI OS01/un1_sdiv_cry_6
FCITOFCO_D  ---     0.146    R21C14A.FCI to    R21C14A.FCO OS01/SLICE_8
ROUTE         1     0.000    R21C14A.FCO to    R21C14B.FCI OS01/un1_sdiv_cry_8
FCITOFCO_D  ---     0.146    R21C14B.FCI to    R21C14B.FCO OS01/SLICE_7
ROUTE         1     0.000    R21C14B.FCO to    R21C14C.FCI OS01/un1_sdiv_cry_10
FCITOFCO_D  ---     0.146    R21C14C.FCI to    R21C14C.FCO OS01/SLICE_6
ROUTE         1     0.000    R21C14C.FCO to    R21C14D.FCI OS01/un1_sdiv_cry_12
FCITOFCO_D  ---     0.146    R21C14D.FCI to    R21C14D.FCO OS01/SLICE_5
ROUTE         1     0.000    R21C14D.FCO to    R21C15A.FCI OS01/un1_sdiv_cry_14
FCITOFCO_D  ---     0.146    R21C15A.FCI to    R21C15A.FCO OS01/SLICE_4
ROUTE         1     0.000    R21C15A.FCO to    R21C15B.FCI OS01/un1_sdiv_cry_16
FCITOF1_DE  ---     0.569    R21C15B.FCI to     R21C15B.F1 OS01/SLICE_3
ROUTE         1     0.000     R21C15B.F1 to    R21C15B.DI1 OS01/sdiv_11[18] (to sclk)
                  --------
                   14.646   (42.4% logic, 57.6% route), 18 logic levels.

 Clock Skew Details: 

      Source Clock Path OS00/OSCIinst0 to OS01/SLICE_10:

   Name    Fanout   Delay (ns)          Site               Resource
ROUTE        13     3.729        OSC.OSC to    R21C13C.CLK sclk
                  --------
                    3.729   (0.0% logic, 100.0% route), 0 logic levels.

      Destination Clock Path OS00/OSCIinst0 to OS01/SLICE_3:

   Name    Fanout   Delay (ns)          Site               Resource
ROUTE        13     3.729        OSC.OSC to    R21C15B.CLK sclk
                  --------
                    3.729   (0.0% logic, 100.0% route), 0 logic levels.


Passed: The following path meets requirements by 466.025ns

 Logical Details:  Cell type  Pin type       Cell/ASIC name  (clock net +/-)

   Source:         FF         Q              OS01/sdiv[3]  (from sclk +)
   Destination:    FF         Data in        OS01/sdiv[17]  (to sclk +)

   Delay:              14.594ns  (42.2% logic, 57.8% route), 18 logic levels.

 Constraint Details:

     14.594ns physical path delay OS01/SLICE_10 to OS01/SLICE_3 meets
    480.769ns delay constraint less
      0.000ns skew and
      0.150ns DIN_SET requirement (totaling 480.619ns) by 466.025ns

 Physical Path Details:

      Data path OS01/SLICE_10 to OS01/SLICE_3:

   Name    Fanout   Delay (ns)          Site               Resource
REG_DEL     ---     0.409    R21C13C.CLK to     R21C13C.Q0 OS01/SLICE_10 (from sclk)
ROUTE         2     1.230     R21C13C.Q0 to     R22C13B.A1 OS01/sdiv[3]
CTOF_DEL    ---     0.452     R22C13B.A1 to     R22C13B.F1 OS01/SLICE_27
ROUTE         4     0.926     R22C13B.F1 to     R22C14B.B1 OS01/oscout13lto18_i_a2_15_5
CTOF_DEL    ---     0.452     R22C14B.B1 to     R22C14B.F1 OS01/SLICE_17
ROUTE         5     2.316     R22C14B.F1 to     R22C16D.B0 OS01/N_3_19
CTOF_DEL    ---     0.452     R22C16D.B0 to     R22C16D.F0 OS01/SLICE_36
ROUTE         1     0.678     R22C16D.F0 to     R23C16D.C0 OS01/oscout13lt21
CTOF_DEL    ---     0.452     R23C16D.C0 to     R23C16D.F0 OS01/SLICE_20
ROUTE         1     0.851     R23C16D.F0 to     R22C16C.A0 OS01/oscout_0_sqmuxa_2
CTOF_DEL    ---     0.452     R22C16C.A0 to     R22C16C.F0 OS01/SLICE_19
ROUTE         1     0.882     R22C16C.F0 to     R21C16B.B1 OS01/un1_oscout50_4_0
CTOF_DEL    ---     0.452     R21C16B.B1 to     R21C16B.F1 OS01/SLICE_18
ROUTE         3     0.399     R21C16B.F1 to     R21C16B.C0 OS01/un1_oscout50_4
CTOF_DEL    ---     0.452     R21C16B.C0 to     R21C16B.F0 OS01/SLICE_18
ROUTE         1     1.149     R21C16B.F0 to     R21C13A.A0 OS01/un1_oscout50_i
C0TOFCO_DE  ---     0.905     R21C13A.A0 to    R21C13A.FCO OS01/SLICE_0
ROUTE         1     0.000    R21C13A.FCO to    R21C13B.FCI OS01/un1_sdiv_cry_0
FCITOFCO_D  ---     0.146    R21C13B.FCI to    R21C13B.FCO OS01/SLICE_11
ROUTE         1     0.000    R21C13B.FCO to    R21C13C.FCI OS01/un1_sdiv_cry_2
FCITOFCO_D  ---     0.146    R21C13C.FCI to    R21C13C.FCO OS01/SLICE_10
ROUTE         1     0.000    R21C13C.FCO to    R21C13D.FCI OS01/un1_sdiv_cry_4
FCITOFCO_D  ---     0.146    R21C13D.FCI to    R21C13D.FCO OS01/SLICE_9
ROUTE         1     0.000    R21C13D.FCO to    R21C14A.FCI OS01/un1_sdiv_cry_6
FCITOFCO_D  ---     0.146    R21C14A.FCI to    R21C14A.FCO OS01/SLICE_8
ROUTE         1     0.000    R21C14A.FCO to    R21C14B.FCI OS01/un1_sdiv_cry_8
FCITOFCO_D  ---     0.146    R21C14B.FCI to    R21C14B.FCO OS01/SLICE_7
ROUTE         1     0.000    R21C14B.FCO to    R21C14C.FCI OS01/un1_sdiv_cry_10
FCITOFCO_D  ---     0.146    R21C14C.FCI to    R21C14C.FCO OS01/SLICE_6
ROUTE         1     0.000    R21C14C.FCO to    R21C14D.FCI OS01/un1_sdiv_cry_12
FCITOFCO_D  ---     0.146    R21C14D.FCI to    R21C14D.FCO OS01/SLICE_5
ROUTE         1     0.000    R21C14D.FCO to    R21C15A.FCI OS01/un1_sdiv_cry_14
FCITOFCO_D  ---     0.146    R21C15A.FCI to    R21C15A.FCO OS01/SLICE_4
ROUTE         1     0.000    R21C15A.FCO to    R21C15B.FCI OS01/un1_sdiv_cry_16
FCITOF0_DE  ---     0.517    R21C15B.FCI to     R21C15B.F0 OS01/SLICE_3
ROUTE         1     0.000     R21C15B.F0 to    R21C15B.DI0 OS01/sdiv_11[17] (to sclk)
                  --------
                   14.594   (42.2% logic, 57.8% route), 18 logic levels.

 Clock Skew Details: 

      Source Clock Path OS00/OSCIinst0 to OS01/SLICE_10:

   Name    Fanout   Delay (ns)          Site               Resource
ROUTE        13     3.729        OSC.OSC to    R21C13C.CLK sclk
                  --------
                    3.729   (0.0% logic, 100.0% route), 0 logic levels.

      Destination Clock Path OS00/OSCIinst0 to OS01/SLICE_3:

   Name    Fanout   Delay (ns)          Site               Resource
ROUTE        13     3.729        OSC.OSC to    R21C15B.CLK sclk
                  --------
                    3.729   (0.0% logic, 100.0% route), 0 logic levels.

Report:   66.269MHz is the maximum frequency for this preference.

Report Summary
--------------
----------------------------------------------------------------------------
Preference                              |   Constraint|       Actual|Levels
----------------------------------------------------------------------------
                                        |             |             |
FREQUENCY NET "sclk" 2.080000 MHz ;     |    2.080 MHz|   66.269 MHz|  20  
                                        |             |             |
----------------------------------------------------------------------------


All preferences were met.


Clock Domains Analysis
------------------------

Found 1 clocks:

Clock Domain: sclk   Source: OS00/OSCIinst0.OSC   Loads: 13
   Covered under: FREQUENCY NET "sclk" 2.080000 MHz ;


Timing summary (Setup):
---------------

Timing errors: 0  Score: 0
Cumulative negative slack: 0

Constraints cover 5930 paths, 1 nets, and 219 connections (81.72% coverage)

--------------------------------------------------------------------------------
Lattice TRACE Report - Hold, Version Diamond (64-bit) 3.12.0.240.2
Fri Oct 01 14:21:54 2021

Copyright (c) 1991-1994 by NeoCAD Inc. All rights reserved.
Copyright (c) 1995 AT&T Corp.   All rights reserved.
Copyright (c) 1995-2001 Lucent Technologies Inc.  All rights reserved.
Copyright (c) 2001 Agere Systems   All rights reserved.
Copyright (c) 2002-2020 Lattice Semiconductor Corporation,  All rights reserved.

Report Information
------------------
Command line:    trce -v 10 -gt -sethld -sp 5 -sphld m -o osc00_osc0.twr -gui -msgset D:/Clases/Arqui/osc00/promote.xml osc00_osc0.ncd osc00_osc0.prf 
Design file:     osc00_osc0.ncd
Preference file: osc00_osc0.prf
Device,speed:    LCMXO2-7000HE,m
Report level:    verbose report, limited to 10 items per preference
--------------------------------------------------------------------------------

BLOCK ASYNCPATHS
BLOCK RESETPATHS
--------------------------------------------------------------------------------



================================================================================
Preference: FREQUENCY NET "sclk" 2.080000 MHz ;
            4096 items scored, 0 timing errors detected.
--------------------------------------------------------------------------------


Passed: The following path meets requirements by 0.379ns

 Logical Details:  Cell type  Pin type       Cell/ASIC name  (clock net +/-)

   Source:         FF         Q              OS01/sdiv[8]  (from sclk +)
   Destination:    FF         Data in        OS01/sdiv[8]  (to sclk +)

   Delay:               0.366ns  (63.9% logic, 36.1% route), 2 logic levels.

 Constraint Details:

      0.366ns physical path delay OS01/SLICE_8 to OS01/SLICE_8 meets
     -0.013ns DIN_HLD and
      0.000ns delay constraint less
      0.000ns skew requirement (totaling -0.013ns) by 0.379ns

 Physical Path Details:

      Data path OS01/SLICE_8 to OS01/SLICE_8:

   Name    Fanout   Delay (ns)          Site               Resource
REG_DEL     ---     0.133    R21C14A.CLK to     R21C14A.Q1 OS01/SLICE_8 (from sclk)
ROUTE         4     0.132     R21C14A.Q1 to     R21C14A.A1 OS01/sdiv[8]
CTOF_DEL    ---     0.101     R21C14A.A1 to     R21C14A.F1 OS01/SLICE_8
ROUTE         1     0.000     R21C14A.F1 to    R21C14A.DI1 OS01/sdiv_11[8] (to sclk)
                  --------
                    0.366   (63.9% logic, 36.1% route), 2 logic levels.

 Clock Skew Details: 

      Source Clock Path OS00/OSCIinst0 to OS01/SLICE_8:

   Name    Fanout   Delay (ns)          Site               Resource
ROUTE        13     1.425        OSC.OSC to    R21C14A.CLK sclk
                  --------
                    1.425   (0.0% logic, 100.0% route), 0 logic levels.

      Destination Clock Path OS00/OSCIinst0 to OS01/SLICE_8:

   Name    Fanout   Delay (ns)          Site               Resource
ROUTE        13     1.425        OSC.OSC to    R21C14A.CLK sclk
                  --------
                    1.425   (0.0% logic, 100.0% route), 0 logic levels.


Passed: The following path meets requirements by 0.379ns

 Logical Details:  Cell type  Pin type       Cell/ASIC name  (clock net +/-)

   Source:         FF         Q              OS01/sdiv[10]  (from sclk +)
   Destination:    FF         Data in        OS01/sdiv[10]  (to sclk +)

   Delay:               0.366ns  (63.9% logic, 36.1% route), 2 logic levels.

 Constraint Details:

      0.366ns physical path delay OS01/SLICE_7 to OS01/SLICE_7 meets
     -0.013ns DIN_HLD and
      0.000ns delay constraint less
      0.000ns skew requirement (totaling -0.013ns) by 0.379ns

 Physical Path Details:

      Data path OS01/SLICE_7 to OS01/SLICE_7:

   Name    Fanout   Delay (ns)          Site               Resource
REG_DEL     ---     0.133    R21C14B.CLK to     R21C14B.Q1 OS01/SLICE_7 (from sclk)
ROUTE         4     0.132     R21C14B.Q1 to     R21C14B.A1 OS01/sdiv[10]
CTOF_DEL    ---     0.101     R21C14B.A1 to     R21C14B.F1 OS01/SLICE_7
ROUTE         1     0.000     R21C14B.F1 to    R21C14B.DI1 OS01/sdiv_11[10] (to sclk)
                  --------
                    0.366   (63.9% logic, 36.1% route), 2 logic levels.

 Clock Skew Details: 

      Source Clock Path OS00/OSCIinst0 to OS01/SLICE_7:

   Name    Fanout   Delay (ns)          Site               Resource
ROUTE        13     1.425        OSC.OSC to    R21C14B.CLK sclk
                  --------
                    1.425   (0.0% logic, 100.0% route), 0 logic levels.

      Destination Clock Path OS00/OSCIinst0 to OS01/SLICE_7:

   Name    Fanout   Delay (ns)          Site               Resource
ROUTE        13     1.425        OSC.OSC to    R21C14B.CLK sclk
                  --------
                    1.425   (0.0% logic, 100.0% route), 0 logic levels.


Passed: The following path meets requirements by 0.379ns

 Logical Details:  Cell type  Pin type       Cell/ASIC name  (clock net +/-)

   Source:         FF         Q              OS01/sdiv[4]  (from sclk +)
   Destination:    FF         Data in        OS01/sdiv[4]  (to sclk +)

   Delay:               0.366ns  (63.9% logic, 36.1% route), 2 logic levels.

 Constraint Details:

      0.366ns physical path delay OS01/SLICE_10 to OS01/SLICE_10 meets
     -0.013ns DIN_HLD and
      0.000ns delay constraint less
      0.000ns skew requirement (totaling -0.013ns) by 0.379ns

 Physical Path Details:

      Data path OS01/SLICE_10 to OS01/SLICE_10:

   Name    Fanout   Delay (ns)          Site               Resource
REG_DEL     ---     0.133    R21C13C.CLK to     R21C13C.Q1 OS01/SLICE_10 (from sclk)
ROUTE         2     0.132     R21C13C.Q1 to     R21C13C.A1 OS01/sdiv[4]
CTOF_DEL    ---     0.101     R21C13C.A1 to     R21C13C.F1 OS01/SLICE_10
ROUTE         1     0.000     R21C13C.F1 to    R21C13C.DI1 OS01/sdiv_11[4] (to sclk)
                  --------
                    0.366   (63.9% logic, 36.1% route), 2 logic levels.

 Clock Skew Details: 

      Source Clock Path OS00/OSCIinst0 to OS01/SLICE_10:

   Name    Fanout   Delay (ns)          Site               Resource
ROUTE        13     1.425        OSC.OSC to    R21C13C.CLK sclk
                  --------
                    1.425   (0.0% logic, 100.0% route), 0 logic levels.

      Destination Clock Path OS00/OSCIinst0 to OS01/SLICE_10:

   Name    Fanout   Delay (ns)          Site               Resource
ROUTE        13     1.425        OSC.OSC to    R21C13C.CLK sclk
                  --------
                    1.425   (0.0% logic, 100.0% route), 0 logic levels.


Passed: The following path meets requirements by 0.379ns

 Logical Details:  Cell type  Pin type       Cell/ASIC name  (clock net +/-)

   Source:         FF         Q              OS01/sdiv[17]  (from sclk +)
   Destination:    FF         Data in        OS01/sdiv[17]  (to sclk +)

   Delay:               0.366ns  (63.9% logic, 36.1% route), 2 logic levels.

 Constraint Details:

      0.366ns physical path delay OS01/SLICE_3 to OS01/SLICE_3 meets
     -0.013ns DIN_HLD and
      0.000ns delay constraint less
      0.000ns skew requirement (totaling -0.013ns) by 0.379ns

 Physical Path Details:

      Data path OS01/SLICE_3 to OS01/SLICE_3:

   Name    Fanout   Delay (ns)          Site               Resource
REG_DEL     ---     0.133    R21C15B.CLK to     R21C15B.Q0 OS01/SLICE_3 (from sclk)
ROUTE         8     0.132     R21C15B.Q0 to     R21C15B.A0 OS01/sdiv[17]
CTOF_DEL    ---     0.101     R21C15B.A0 to     R21C15B.F0 OS01/SLICE_3
ROUTE         1     0.000     R21C15B.F0 to    R21C15B.DI0 OS01/sdiv_11[17] (to sclk)
                  --------
                    0.366   (63.9% logic, 36.1% route), 2 logic levels.

 Clock Skew Details: 

      Source Clock Path OS00/OSCIinst0 to OS01/SLICE_3:

   Name    Fanout   Delay (ns)          Site               Resource
ROUTE        13     1.425        OSC.OSC to    R21C15B.CLK sclk
                  --------
                    1.425   (0.0% logic, 100.0% route), 0 logic levels.

      Destination Clock Path OS00/OSCIinst0 to OS01/SLICE_3:

   Name    Fanout   Delay (ns)          Site               Resource
ROUTE        13     1.425        OSC.OSC to    R21C15B.CLK sclk
                  --------
                    1.425   (0.0% logic, 100.0% route), 0 logic levels.


Passed: The following path meets requirements by 0.379ns

 Logical Details:  Cell type  Pin type       Cell/ASIC name  (clock net +/-)

   Source:         FF         Q              OS01/sdiv[5]  (from sclk +)
   Destination:    FF         Data in        OS01/sdiv[5]  (to sclk +)

   Delay:               0.366ns  (63.9% logic, 36.1% route), 2 logic levels.

 Constraint Details:

      0.366ns physical path delay OS01/SLICE_9 to OS01/SLICE_9 meets
     -0.013ns DIN_HLD and
      0.000ns delay constraint less
      0.000ns skew requirement (totaling -0.013ns) by 0.379ns

 Physical Path Details:

      Data path OS01/SLICE_9 to OS01/SLICE_9:

   Name    Fanout   Delay (ns)          Site               Resource
REG_DEL     ---     0.133    R21C13D.CLK to     R21C13D.Q0 OS01/SLICE_9 (from sclk)
ROUTE         2     0.132     R21C13D.Q0 to     R21C13D.A0 OS01/sdiv[5]
CTOF_DEL    ---     0.101     R21C13D.A0 to     R21C13D.F0 OS01/SLICE_9
ROUTE         1     0.000     R21C13D.F0 to    R21C13D.DI0 OS01/sdiv_11[5] (to sclk)
                  --------
                    0.366   (63.9% logic, 36.1% route), 2 logic levels.

 Clock Skew Details: 

      Source Clock Path OS00/OSCIinst0 to OS01/SLICE_9:

   Name    Fanout   Delay (ns)          Site               Resource
ROUTE        13     1.425        OSC.OSC to    R21C13D.CLK sclk
                  --------
                    1.425   (0.0% logic, 100.0% route), 0 logic levels.

      Destination Clock Path OS00/OSCIinst0 to OS01/SLICE_9:

   Name    Fanout   Delay (ns)          Site               Resource
ROUTE        13     1.425        OSC.OSC to    R21C13D.CLK sclk
                  --------
                    1.425   (0.0% logic, 100.0% route), 0 logic levels.


Passed: The following path meets requirements by 0.379ns

 Logical Details:  Cell type  Pin type       Cell/ASIC name  (clock net +/-)

   Source:         FF         Q              OS01/sdiv[16]  (from sclk +)
   Destination:    FF         Data in        OS01/sdiv[16]  (to sclk +)

   Delay:               0.366ns  (63.9% logic, 36.1% route), 2 logic levels.

 Constraint Details:

      0.366ns physical path delay OS01/SLICE_4 to OS01/SLICE_4 meets
     -0.013ns DIN_HLD and
      0.000ns delay constraint less
      0.000ns skew requirement (totaling -0.013ns) by 0.379ns

 Physical Path Details:

      Data path OS01/SLICE_4 to OS01/SLICE_4:

   Name    Fanout   Delay (ns)          Site               Resource
REG_DEL     ---     0.133    R21C15A.CLK to     R21C15A.Q1 OS01/SLICE_4 (from sclk)
ROUTE         8     0.132     R21C15A.Q1 to     R21C15A.A1 OS01/sdiv[16]
CTOF_DEL    ---     0.101     R21C15A.A1 to     R21C15A.F1 OS01/SLICE_4
ROUTE         1     0.000     R21C15A.F1 to    R21C15A.DI1 OS01/sdiv_11[16] (to sclk)
                  --------
                    0.366   (63.9% logic, 36.1% route), 2 logic levels.

 Clock Skew Details: 

      Source Clock Path OS00/OSCIinst0 to OS01/SLICE_4:

   Name    Fanout   Delay (ns)          Site               Resource
ROUTE        13     1.425        OSC.OSC to    R21C15A.CLK sclk
                  --------
                    1.425   (0.0% logic, 100.0% route), 0 logic levels.

      Destination Clock Path OS00/OSCIinst0 to OS01/SLICE_4:

   Name    Fanout   Delay (ns)          Site               Resource
ROUTE        13     1.425        OSC.OSC to    R21C15A.CLK sclk
                  --------
                    1.425   (0.0% logic, 100.0% route), 0 logic levels.


Passed: The following path meets requirements by 0.379ns

 Logical Details:  Cell type  Pin type       Cell/ASIC name  (clock net +/-)

   Source:         FF         Q              OS01/sdiv[12]  (from sclk +)
   Destination:    FF         Data in        OS01/sdiv[12]  (to sclk +)

   Delay:               0.366ns  (63.9% logic, 36.1% route), 2 logic levels.

 Constraint Details:

      0.366ns physical path delay OS01/SLICE_6 to OS01/SLICE_6 meets
     -0.013ns DIN_HLD and
      0.000ns delay constraint less
      0.000ns skew requirement (totaling -0.013ns) by 0.379ns

 Physical Path Details:

      Data path OS01/SLICE_6 to OS01/SLICE_6:

   Name    Fanout   Delay (ns)          Site               Resource
REG_DEL     ---     0.133    R21C14C.CLK to     R21C14C.Q1 OS01/SLICE_6 (from sclk)
ROUTE         5     0.132     R21C14C.Q1 to     R21C14C.A1 OS01/sdiv[12]
CTOF_DEL    ---     0.101     R21C14C.A1 to     R21C14C.F1 OS01/SLICE_6
ROUTE         1     0.000     R21C14C.F1 to    R21C14C.DI1 OS01/sdiv_11[12] (to sclk)
                  --------
                    0.366   (63.9% logic, 36.1% route), 2 logic levels.

 Clock Skew Details: 

      Source Clock Path OS00/OSCIinst0 to OS01/SLICE_6:

   Name    Fanout   Delay (ns)          Site               Resource
ROUTE        13     1.425        OSC.OSC to    R21C14C.CLK sclk
                  --------
                    1.425   (0.0% logic, 100.0% route), 0 logic levels.

      Destination Clock Path OS00/OSCIinst0 to OS01/SLICE_6:

   Name    Fanout   Delay (ns)          Site               Resource
ROUTE        13     1.425        OSC.OSC to    R21C14C.CLK sclk
                  --------
                    1.425   (0.0% logic, 100.0% route), 0 logic levels.


Passed: The following path meets requirements by 0.379ns

 Logical Details:  Cell type  Pin type       Cell/ASIC name  (clock net +/-)

   Source:         FF         Q              OS01/oscout  (from sclk +)
   Destination:    FF         Data in        OS01/oscout  (to sclk +)

   Delay:               0.366ns  (63.9% logic, 36.1% route), 2 logic levels.

 Constraint Details:

      0.366ns physical path delay OS01/SLICE_12 to OS01/SLICE_12 meets
     -0.013ns DIN_HLD and
      0.000ns delay constraint less
      0.000ns skew requirement (totaling -0.013ns) by 0.379ns

 Physical Path Details:

      Data path OS01/SLICE_12 to OS01/SLICE_12:

   Name    Fanout   Delay (ns)          Site               Resource
REG_DEL     ---     0.133    R21C16A.CLK to     R21C16A.Q0 OS01/SLICE_12 (from sclk)
ROUTE         2     0.132     R21C16A.Q0 to     R21C16A.A0 oscout0_c
CTOF_DEL    ---     0.101     R21C16A.A0 to     R21C16A.F0 OS01/SLICE_12
ROUTE         1     0.000     R21C16A.F0 to    R21C16A.DI0 OS01/oscout_0 (to sclk)
                  --------
                    0.366   (63.9% logic, 36.1% route), 2 logic levels.

 Clock Skew Details: 

      Source Clock Path OS00/OSCIinst0 to OS01/SLICE_12:

   Name    Fanout   Delay (ns)          Site               Resource
ROUTE        13     1.425        OSC.OSC to    R21C16A.CLK sclk
                  --------
                    1.425   (0.0% logic, 100.0% route), 0 logic levels.

      Destination Clock Path OS00/OSCIinst0 to OS01/SLICE_12:

   Name    Fanout   Delay (ns)          Site               Resource
ROUTE        13     1.425        OSC.OSC to    R21C16A.CLK sclk
                  --------
                    1.425   (0.0% logic, 100.0% route), 0 logic levels.


Passed: The following path meets requirements by 0.379ns

 Logical Details:  Cell type  Pin type       Cell/ASIC name  (clock net +/-)

   Source:         FF         Q              OS01/sdiv[15]  (from sclk +)
   Destination:    FF         Data in        OS01/sdiv[15]  (to sclk +)

   Delay:               0.366ns  (63.9% logic, 36.1% route), 2 logic levels.

 Constraint Details:

      0.366ns physical path delay OS01/SLICE_4 to OS01/SLICE_4 meets
     -0.013ns DIN_HLD and
      0.000ns delay constraint less
      0.000ns skew requirement (totaling -0.013ns) by 0.379ns

 Physical Path Details:

      Data path OS01/SLICE_4 to OS01/SLICE_4:

   Name    Fanout   Delay (ns)          Site               Resource
REG_DEL     ---     0.133    R21C15A.CLK to     R21C15A.Q0 OS01/SLICE_4 (from sclk)
ROUTE         5     0.132     R21C15A.Q0 to     R21C15A.A0 OS01/sdiv[15]
CTOF_DEL    ---     0.101     R21C15A.A0 to     R21C15A.F0 OS01/SLICE_4
ROUTE         1     0.000     R21C15A.F0 to    R21C15A.DI0 OS01/sdiv_11[15] (to sclk)
                  --------
                    0.366   (63.9% logic, 36.1% route), 2 logic levels.

 Clock Skew Details: 

      Source Clock Path OS00/OSCIinst0 to OS01/SLICE_4:

   Name    Fanout   Delay (ns)          Site               Resource
ROUTE        13     1.425        OSC.OSC to    R21C15A.CLK sclk
                  --------
                    1.425   (0.0% logic, 100.0% route), 0 logic levels.

      Destination Clock Path OS00/OSCIinst0 to OS01/SLICE_4:

   Name    Fanout   Delay (ns)          Site               Resource
ROUTE        13     1.425        OSC.OSC to    R21C15A.CLK sclk
                  --------
                    1.425   (0.0% logic, 100.0% route), 0 logic levels.


Passed: The following path meets requirements by 0.379ns

 Logical Details:  Cell type  Pin type       Cell/ASIC name  (clock net +/-)

   Source:         FF         Q              OS01/sdiv[19]  (from sclk +)
   Destination:    FF         Data in        OS01/sdiv[19]  (to sclk +)

   Delay:               0.366ns  (63.9% logic, 36.1% route), 2 logic levels.

 Constraint Details:

      0.366ns physical path delay OS01/SLICE_2 to OS01/SLICE_2 meets
     -0.013ns DIN_HLD and
      0.000ns delay constraint less
      0.000ns skew requirement (totaling -0.013ns) by 0.379ns

 Physical Path Details:

      Data path OS01/SLICE_2 to OS01/SLICE_2:

   Name    Fanout   Delay (ns)          Site               Resource
REG_DEL     ---     0.133    R21C15C.CLK to     R21C15C.Q0 OS01/SLICE_2 (from sclk)
ROUTE         7     0.132     R21C15C.Q0 to     R21C15C.A0 OS01/sdiv[19]
CTOF_DEL    ---     0.101     R21C15C.A0 to     R21C15C.F0 OS01/SLICE_2
ROUTE         1     0.000     R21C15C.F0 to    R21C15C.DI0 OS01/sdiv_11[19] (to sclk)
                  --------
                    0.366   (63.9% logic, 36.1% route), 2 logic levels.

 Clock Skew Details: 

      Source Clock Path OS00/OSCIinst0 to OS01/SLICE_2:

   Name    Fanout   Delay (ns)          Site               Resource
ROUTE        13     1.425        OSC.OSC to    R21C15C.CLK sclk
                  --------
                    1.425   (0.0% logic, 100.0% route), 0 logic levels.

      Destination Clock Path OS00/OSCIinst0 to OS01/SLICE_2:

   Name    Fanout   Delay (ns)          Site               Resource
ROUTE        13     1.425        OSC.OSC to    R21C15C.CLK sclk
                  --------
                    1.425   (0.0% logic, 100.0% route), 0 logic levels.

Report Summary
--------------
----------------------------------------------------------------------------
Preference(MIN Delays)                  |   Constraint|       Actual|Levels
----------------------------------------------------------------------------
                                        |             |             |
FREQUENCY NET "sclk" 2.080000 MHz ;     |     0.000 ns|     0.379 ns|   2  
                                        |             |             |
----------------------------------------------------------------------------


All preferences were met.


Clock Domains Analysis
------------------------

Found 1 clocks:

Clock Domain: sclk   Source: OS00/OSCIinst0.OSC   Loads: 13
   Covered under: FREQUENCY NET "sclk" 2.080000 MHz ;


Timing summary (Hold):
---------------

Timing errors: 0  Score: 0
Cumulative negative slack: 0

Constraints cover 5930 paths, 1 nets, and 219 connections (81.72% coverage)



Timing summary (Setup and Hold):
---------------

Timing errors: 0 (setup), 0 (hold)
Score: 0 (setup), 0 (hold)
Cumulative negative slack: 0 (0+0)
--------------------------------------------------------------------------------

--------------------------------------------------------------------------------

