Running in Lattice mode

Starting:    D:\LSCC\diamond\3.12\synpbase\bin64\mbin\synbatch.exe
Install:     D:\LSCC\diamond\3.12\synpbase
Hostname:    PETITEPC
Date:        Thu Sep 30 12:49:23 2021
Version:     Q-2020.03L-SP1

Arguments:   -product synplify_pro -batch adder4bit00_adder4bit0_synplify.tcl
ProductType: synplify_pro




Copied D:\Clases\Arqui\adder4bit00\adder4bit0\adder4bit00_adder4bit0.srr to D:\Clases\Arqui\adder4bit00\adder4bit0\backup\adder4bit00_adder4bit0.srr
log file: "D:\Clases\Arqui\adder4bit00\adder4bit0\adder4bit00_adder4bit0.srr"
Running: hdl_info_gen in foreground

Generating HDL info...
Copied D:\Clases\Arqui\adder4bit00\adder4bit0\adder4bit00_adder4bit0.srr to D:\Clases\Arqui\adder4bit00\adder4bit0\adder4bit00_adder4bit0.srf

hdl_info_gen completed
# Thu Sep 30 12:49:23 2021

Return Code: 0
Run Time:00h:00m:00s
log file: "D:\Clases\Arqui\adder4bit00\adder4bit0\adder4bit00_adder4bit0.srr"
Running: adder4bit0 in foreground

Running proj_1|adder4bit0

Running Flow: compile (Compile) on proj_1|adder4bit0
# Thu Sep 30 12:49:23 2021

Running Flow: compile_flow (Compile Process) on proj_1|adder4bit0
# Thu Sep 30 12:49:23 2021

Running: compiler (Compile Input) on proj_1|adder4bit0
# Thu Sep 30 12:49:23 2021
Copied D:\Clases\Arqui\adder4bit00\adder4bit0\synwork\adder4bit00_adder4bit0_comp.srs to D:\Clases\Arqui\adder4bit00\adder4bit0\adder4bit00_adder4bit0.srs

compiler completed
# Thu Sep 30 12:49:26 2021

Return Code: 0
Run Time:00h:00m:03s

Running: multi_srs_gen (Multi-srs Generator) on proj_1|adder4bit0
# Thu Sep 30 12:49:26 2021

multi_srs_gen completed
# Thu Sep 30 12:49:26 2021

Return Code: 0
Run Time:00h:00m:00s
Copied D:\Clases\Arqui\adder4bit00\adder4bit0\synwork\adder4bit00_adder4bit0_mult.srs to D:\Clases\Arqui\adder4bit00\adder4bit0\adder4bit00_adder4bit0.srs
Copied D:\Clases\Arqui\adder4bit00\adder4bit0\adder4bit00_adder4bit0.srr to D:\Clases\Arqui\adder4bit00\adder4bit0\adder4bit00_adder4bit0.srf
Complete: Compile Process on proj_1|adder4bit0

Running: premap (Premap) on proj_1|adder4bit0
# Thu Sep 30 12:49:26 2021

premap completed
# Thu Sep 30 12:49:28 2021

Return Code: 0
Run Time:00h:00m:02s
Complete: Compile on proj_1|adder4bit0

Running Flow: map (Map) on proj_1|adder4bit0
# Thu Sep 30 12:49:28 2021

Running: fpga_mapper (Map & Optimize) on proj_1|adder4bit0
# Thu Sep 30 12:49:28 2021
Copied D:\Clases\Arqui\adder4bit00\adder4bit0\synwork\adder4bit00_adder4bit0_m.srm to D:\Clases\Arqui\adder4bit00\adder4bit0\adder4bit00_adder4bit0.srm

fpga_mapper completed
# Thu Sep 30 12:49:31 2021

Return Code: 0
Run Time:00h:00m:03s
Complete: Map on proj_1|adder4bit0
Copied D:\Clases\Arqui\adder4bit00\adder4bit0\adder4bit00_adder4bit0.srr to D:\Clases\Arqui\adder4bit00\adder4bit0\adder4bit00_adder4bit0.srf
Complete: Logic Synthesis on proj_1|adder4bit0
TCL script complete: "adder4bit00_adder4bit0_synplify.tcl"
exit status=0
exit status=0
Save changes for project:
D:\Clases\Arqui\adder4bit00\adder4bit0\proj_1.prj
batch mode default:no
