
synpwrap -msg -prj "rom00_rom0_synplify.tcl" -log "rom00_rom0.srf"
Copyright (C) 1992-2020 Lattice Semiconductor Corporation. All rights reserved.
Lattice Diamond Version 3.12.0.240.2
    <postMsg mid="2011000" type="Info"    dynamic="0" navigation="0"  />

==contents of rom00_rom0.srf
#Build: Synplify Pro (R) Q-2020.03L-SP1, Build 182R, Oct 29 2020
#install: D:\LSCC\diamond\3.12\synpbase
#OS: Windows 8 6.2
#Hostname: LILGAMING-PC

# Mon Nov 29 10:20:52 2021

#Implementation: rom0


Copyright (C) 1994-2020 Synopsys, Inc.
This Synopsys software and all associated documentation are proprietary to Synopsys, Inc.
and may only be used pursuant to the terms and conditions of a written license agreement
with Synopsys, Inc. All other use, reproduction, modification, or distribution of the
Synopsys software or the associated documentation is strictly prohibited.
Tool: Synplify Pro (R)
Build: Q-2020.03L-SP1
Install: D:\LSCC\diamond\3.12\synpbase
OS: Windows 6.2

Hostname: LILGAMING-PC

Implementation : rom0
Synopsys HDL Compiler, Version comp202003synp2, Build 182R, Built Oct 29 2020 10:49:53, @

@N|Running in 64-bit mode
###########################################################[

Copyright (C) 1994-2020 Synopsys, Inc.
This Synopsys software and all associated documentation are proprietary to Synopsys, Inc.
and may only be used pursuant to the terms and conditions of a written license agreement
with Synopsys, Inc. All other use, reproduction, modification, or distribution of the
Synopsys software or the associated documentation is strictly prohibited.
Tool: Synplify Pro (R)
Build: Q-2020.03L-SP1
Install: D:\LSCC\diamond\3.12\synpbase
OS: Windows 6.2

Hostname: LILGAMING-PC

Implementation : rom0
Synopsys VHDL Compiler, Version comp202003synp2, Build 182R, Built Oct 29 2020 10:49:53, @

@N|Running in 64-bit mode
@N:"D:\Clases\Arqui\2doParcial\rom00\rom00.vhdl":7:7:7:11|Top entity is set to rom00.
File D:\LSCC\diamond\3.12\synpbase\lib\cpld\lattice.vhd changed - recompiling
File D:\Clases\Arqui\oscvhdl\div00.vhdl changed - recompiling
File D:\Clases\Arqui\oscvhdl\packageosc00.vhdl changed - recompiling
File D:\Clases\Arqui\2doParcial\rom00\contRead00.vhdl changed - recompiling
File D:\Clases\Arqui\2doParcial\rom00\memrom00.vhdl changed - recompiling
File D:\Clases\Arqui\2doParcial\rom00\packagerom00.vhdl changed - recompiling
File D:\Clases\Arqui\oscvhdl\osc00.vhdl changed - recompiling
File D:\Clases\Arqui\2doParcial\rom00\rom00.vhdl changed - recompiling
VHDL syntax check successful!
File D:\Clases\Arqui\2doParcial\rom00\memrom00.vhdl changed - recompiling
@N: CD630 :"D:\Clases\Arqui\2doParcial\rom00\rom00.vhdl":7:7:7:11|Synthesizing work.rom00.rom0.
@N: CD630 :"D:\Clases\Arqui\2doParcial\rom00\memrom00.vhdl":8:7:8:14|Synthesizing work.memrom00.memrom0.
Post processing for work.memrom00.memrom0
Running optimization stage 1 on memrom00 .......
@N: CD630 :"D:\Clases\Arqui\2doParcial\rom00\contRead00.vhdl":8:7:8:16|Synthesizing work.contread00.contread0.
@N: CD364 :"D:\Clases\Arqui\2doParcial\rom00\contRead00.vhdl":28:24:28:27|Removing redundant assignment.
Post processing for work.contread00.contread0
Running optimization stage 1 on contRead00 .......
@N: CD630 :"D:\Clases\Arqui\oscvhdl\osc00.vhdl":7:7:7:11|Synthesizing work.osc00.osc0.
@N: CD630 :"D:\Clases\Arqui\oscvhdl\div00.vhdl":8:7:8:11|Synthesizing work.div00.div0.
@N: CD364 :"D:\Clases\Arqui\oscvhdl\div00.vhdl":27:5:27:10|Removing redundant assignment.
@N: CD364 :"D:\Clases\Arqui\oscvhdl\div00.vhdl":35:5:35:10|Removing redundant assignment.
@N: CD364 :"D:\Clases\Arqui\oscvhdl\div00.vhdl":43:5:43:10|Removing redundant assignment.
@N: CD364 :"D:\Clases\Arqui\oscvhdl\div00.vhdl":51:5:51:10|Removing redundant assignment.
@N: CD364 :"D:\Clases\Arqui\oscvhdl\div00.vhdl":59:5:59:10|Removing redundant assignment.
@N: CD364 :"D:\Clases\Arqui\oscvhdl\div00.vhdl":67:5:67:10|Removing redundant assignment.
@N: CD364 :"D:\Clases\Arqui\oscvhdl\div00.vhdl":75:5:75:10|Removing redundant assignment.
@N: CD364 :"D:\Clases\Arqui\oscvhdl\div00.vhdl":83:5:83:10|Removing redundant assignment.
Post processing for work.div00.div0
Running optimization stage 1 on div00 .......
@N: CD630 :"D:\Clases\Arqui\oscvhdl\oscint00.vhdl":6:7:6:14|Synthesizing work.oscint00.oscint0.
@W: CD276 :"D:\LSCC\diamond\3.12\cae_library\synthesis\vhdl\machxo2.vhd":2297:8:2297:15|Map for port sedstdby of component osch not found
@N: CD630 :"D:\LSCC\diamond\3.12\cae_library\synthesis\vhdl\machxo2.vhd":2291:10:2291:13|Synthesizing work.osch.syn_black_box.
Post processing for work.osch.syn_black_box
Post processing for work.oscint00.oscint0
Running optimization stage 1 on oscint00 .......
Post processing for work.osc00.osc0
Running optimization stage 1 on osc00 .......
Post processing for work.rom00.rom0
Running optimization stage 1 on rom00 .......
Running optimization stage 2 on oscint00 .......
Running optimization stage 2 on div00 .......
Running optimization stage 2 on osc00 .......
Running optimization stage 2 on contRead00 .......
Running optimization stage 2 on memrom00 .......
Running optimization stage 2 on rom00 .......

For a summary of runtime and memory usage per design unit, please see file:
==========================================================
@L: D:\Clases\Arqui\2doParcial\rom00\rom0\synwork\layer0.rt.csv


At c_vhdl Exit (Real Time elapsed 0h:00m:01s; CPU Time elapsed 0h:00m:01s; Memory used current: 97MB peak: 99MB)

Process took 0h:00m:01s realtime, 0h:00m:01s cputime

Process completed successfully.
# Mon Nov 29 10:20:53 2021

###########################################################]
###########################################################[

Copyright (C) 1994-2020 Synopsys, Inc.
This Synopsys software and all associated documentation are proprietary to Synopsys, Inc.
and may only be used pursuant to the terms and conditions of a written license agreement
with Synopsys, Inc. All other use, reproduction, modification, or distribution of the
Synopsys software or the associated documentation is strictly prohibited.
Tool: Synplify Pro (R)
Build: Q-2020.03L-SP1
Install: D:\LSCC\diamond\3.12\synpbase
OS: Windows 6.2

Hostname: LILGAMING-PC

Implementation : rom0
Synopsys Synopsys Netlist Linker, Version comp202003synp2, Build 182R, Built Oct 29 2020 10:49:53, @

@N|Running in 64-bit mode
File D:\Clases\Arqui\2doParcial\rom00\rom0\synwork\layer0.srs changed - recompiling

At syn_nfilter Exit (Real Time elapsed 0h:00m:00s; CPU Time elapsed 0h:00m:00s; Memory used current: 90MB peak: 90MB)

Process took 0h:00m:01s realtime, 0h:00m:01s cputime

Process completed successfully.
# Mon Nov 29 10:20:53 2021

###########################################################]

For a summary of runtime and memory usage for all design units, please see file:
==========================================================
@L: D:\Clases\Arqui\2doParcial\rom00\rom0\synwork\rom00_rom0_comp.rt.csv

@END

At c_hdl Exit (Real Time elapsed 0h:00m:01s; CPU Time elapsed 0h:00m:01s; Memory used current: 23MB peak: 23MB)

Process took 0h:00m:01s realtime, 0h:00m:01s cputime

Process completed successfully.
# Mon Nov 29 10:20:53 2021

###########################################################]
###########################################################[

Copyright (C) 1994-2020 Synopsys, Inc.
This Synopsys software and all associated documentation are proprietary to Synopsys, Inc.
and may only be used pursuant to the terms and conditions of a written license agreement
with Synopsys, Inc. All other use, reproduction, modification, or distribution of the
Synopsys software or the associated documentation is strictly prohibited.
Tool: Synplify Pro (R)
Build: Q-2020.03L-SP1
Install: D:\LSCC\diamond\3.12\synpbase
OS: Windows 6.2

Hostname: LILGAMING-PC

Implementation : rom0
Synopsys Synopsys Netlist Linker, Version comp202003synp2, Build 182R, Built Oct 29 2020 10:49:53, @

@N|Running in 64-bit mode
File D:\Clases\Arqui\2doParcial\rom00\rom0\synwork\rom00_rom0_comp.srs changed - recompiling

At syn_nfilter Exit (Real Time elapsed 0h:00m:00s; CPU Time elapsed 0h:00m:00s; Memory used current: 90MB peak: 91MB)

Process took 0h:00m:01s realtime, 0h:00m:01s cputime

Process completed successfully.
# Mon Nov 29 10:20:54 2021

###########################################################]
Premap Report

# Mon Nov 29 10:20:54 2021


Copyright (C) 1994-2020 Synopsys, Inc.
This Synopsys software and all associated documentation are proprietary to Synopsys, Inc.
and may only be used pursuant to the terms and conditions of a written license agreement
with Synopsys, Inc. All other use, reproduction, modification, or distribution of the
Synopsys software or the associated documentation is strictly prohibited.
Tool: Synplify Pro (R)
Build: Q-2020.03L-SP1
Install: D:\LSCC\diamond\3.12\synpbase
OS: Windows 6.2

Hostname: LILGAMING-PC

Implementation : rom0
Synopsys Lattice Technology Pre-mapping, Version map202003lat, Build 172R, Built Nov  2 2020 09:31:45, @


Mapper Startup Complete (Real Time elapsed 0h:00m:00s; CPU Time elapsed 0h:00m:00s; Memory used current: 117MB peak: 117MB)

@A: MF827 |No constraint file specified.
@L: D:\Clases\Arqui\2doParcial\rom00\rom0\rom00_rom0_scck.rpt 
See clock summary report "D:\Clases\Arqui\2doParcial\rom00\rom0\rom00_rom0_scck.rpt"
@N: MF916 |Option synthesis_strategy=base is enabled. 
@N: MF248 |Running in 64-bit mode.
@N: MF666 |Clock conversion enabled. (Command "set_option -fix_gated_and_generated_clocks 1" in the project file.)

Design Input Complete (Real Time elapsed 0h:00m:00s; CPU Time elapsed 0h:00m:00s; Memory used current: 126MB peak: 128MB)


Mapper Initialization Complete (Real Time elapsed 0h:00m:00s; CPU Time elapsed 0h:00m:00s; Memory used current: 126MB peak: 128MB)


Start loading timing files (Real Time elapsed 0h:00m:00s; CPU Time elapsed 0h:00m:00s; Memory used current: 137MB peak: 137MB)


Finished loading timing files (Real Time elapsed 0h:00m:00s; CPU Time elapsed 0h:00m:00s; Memory used current: 137MB peak: 139MB)


Starting clock optimization phase (Real Time elapsed 0h:00m:00s; CPU Time elapsed 0h:00m:00s; Memory used current: 169MB peak: 169MB)


Finished clock optimization phase (Real Time elapsed 0h:00m:00s; CPU Time elapsed 0h:00m:00s; Memory used current: 169MB peak: 169MB)


Starting clock optimization report phase (Real Time elapsed 0h:00m:00s; CPU Time elapsed 0h:00m:00s; Memory used current: 169MB peak: 170MB)


Finished clock optimization report phase (Real Time elapsed 0h:00m:00s; CPU Time elapsed 0h:00m:00s; Memory used current: 169MB peak: 170MB)

@N: FX1184 |Applying syn_allowed_resources blockrams=26 on top level netlist rom00 

Finished netlist restructuring (Real Time elapsed 0h:00m:00s; CPU Time elapsed 0h:00m:00s; Memory used current: 169MB peak: 170MB)



Clock Summary
******************

          Start                               Requested     Requested     Clock                                              Clock                   Clock
Level     Clock                               Frequency     Period        Type                                               Group                   Load 
----------------------------------------------------------------------------------------------------------------------------------------------------------
0 -       oscint00|osc_int_inferred_clock     2.1 MHz       480.769       inferred                                           Inferred_clkgroup_0     23   
1 .         div00|oscout_derived_clock        2.1 MHz       480.769       derived (from oscint00|osc_int_inferred_clock)     Inferred_clkgroup_0     5    
==========================================================================================================================================================



Clock Load Summary
***********************

                                    Clock     Source                           Clock Pin             Non-clock Pin     Non-clock Pin
Clock                               Load      Pin                              Seq Example           Seq Example       Comb Example 
------------------------------------------------------------------------------------------------------------------------------------
oscint00|osc_int_inferred_clock     23        R00.OS00.OSCIinst0.OSC(OSCH)     R00.OS01.oscout.C     -                 -            
div00|oscout_derived_clock          5         R00.OS01.oscout.Q[0](dffe)       R01.outc[4:0].C       -                 -            
====================================================================================================================================

@W: MT529 :"d:\clases\arqui\oscvhdl\div00.vhdl":20:1:20:2|Found inferred clock oscint00|osc_int_inferred_clock which controls 23 sequential elements including R00.OS01.sdiv[21:0]. This clock has no specified timing constraint which may prevent conversion of gated or generated clocks and may adversely impact design performance. 

ICG Latch Removal Summary:
Number of ICG latches removed: 0
Number of ICG latches not removed:	0


@S |Clock Optimization Summary



#### START OF PREMAP CLOCK OPTIMIZATION REPORT #####[

1 non-gated/non-generated clock tree(s) driving 23 clock pin(s) of sequential element(s)
1 gated/generated clock tree(s) driving 5 clock pin(s) of sequential element(s)
0 instances converted, 5 sequential instances remain driven by gated/generated clocks

================================= Non-Gated/Non-Generated Clocks =================================
Clock Tree ID     Driving Element            Drive Element Type     Fanout     Sample Instance    
--------------------------------------------------------------------------------------------------
@KP:ckid0_2       R00.OS00.OSCIinst0.OSC     OSCH                   23         R00.OS01.sdiv[21:0]
==================================================================================================
=============================================================== Gated/Generated Clocks ================================================================
Clock Tree ID     Driving Element          Drive Element Type     Unconverted Fanout     Sample Instance     Explanation                               
-------------------------------------------------------------------------------------------------------------------------------------------------------
@KP:ckid0_0       R00.OS01.oscout.Q[0]     dffe                   5                      R01.outc[4:0]       Derived clock on input (not legal for GCC)
=======================================================================================================================================================


##### END OF CLOCK OPTIMIZATION REPORT ######

@N: FX1143 |Skipping assigning INTERNAL_VREF to iobanks, because the table of mapping from pin to iobank is not initialized.
Finished Pre Mapping Phase.

Starting constraint checker (Real Time elapsed 0h:00m:01s; CPU Time elapsed 0h:00m:00s; Memory used current: 170MB peak: 170MB)


Finished constraint checker preprocessing (Real Time elapsed 0h:00m:01s; CPU Time elapsed 0h:00m:01s; Memory used current: 170MB peak: 170MB)


Finished constraint checker (Real Time elapsed 0h:00m:01s; CPU Time elapsed 0h:00m:01s; Memory used current: 171MB peak: 171MB)

Pre-mapping successful!

At Mapper Exit (Real Time elapsed 0h:00m:01s; CPU Time elapsed 0h:00m:01s; Memory used current: 91MB peak: 172MB)

Process took 0h:00m:01s realtime, 0h:00m:01s cputime
# Mon Nov 29 10:20:55 2021

###########################################################]
Map & Optimize Report

# Mon Nov 29 10:20:56 2021


Copyright (C) 1994-2020 Synopsys, Inc.
This Synopsys software and all associated documentation are proprietary to Synopsys, Inc.
and may only be used pursuant to the terms and conditions of a written license agreement
with Synopsys, Inc. All other use, reproduction, modification, or distribution of the
Synopsys software or the associated documentation is strictly prohibited.
Tool: Synplify Pro (R)
Build: Q-2020.03L-SP1
Install: D:\LSCC\diamond\3.12\synpbase
OS: Windows 6.2

Hostname: LILGAMING-PC

Implementation : rom0
Synopsys Lattice Technology Mapper, Version map202003lat, Build 172R, Built Nov  2 2020 09:31:45, @


Mapper Startup Complete (Real Time elapsed 0h:00m:00s; CPU Time elapsed 0h:00m:00s; Memory used current: 117MB peak: 117MB)

@N: MF916 |Option synthesis_strategy=base is enabled. 
@N: MF248 |Running in 64-bit mode.
@N: MF666 |Clock conversion enabled. (Command "set_option -fix_gated_and_generated_clocks 1" in the project file.)

Design Input Complete (Real Time elapsed 0h:00m:00s; CPU Time elapsed 0h:00m:00s; Memory used current: 119MB peak: 128MB)


Mapper Initialization Complete (Real Time elapsed 0h:00m:00s; CPU Time elapsed 0h:00m:00s; Memory used current: 119MB peak: 128MB)


Start loading timing files (Real Time elapsed 0h:00m:00s; CPU Time elapsed 0h:00m:00s; Memory used current: 132MB peak: 132MB)


Finished loading timing files (Real Time elapsed 0h:00m:00s; CPU Time elapsed 0h:00m:00s; Memory used current: 134MB peak: 136MB)



Starting Optimization and Mapping (Real Time elapsed 0h:00m:00s; CPU Time elapsed 0h:00m:00s; Memory used current: 166MB peak: 166MB)


Available hyper_sources - for debug and ip models
	None Found

@W: FA239 :"d:\clases\arqui\2doparcial\rom00\memrom00.vhdl":39:17:39:23|ROM R02.outro_1[6:0] (in view: work.rom00(rom0)) mapped in logic. To map to a technology ROM, apply attribute syn_romstyle on this instance.
@W: FA239 :"d:\clases\arqui\2doparcial\rom00\memrom00.vhdl":39:17:39:23|ROM R02.outro_1[6:0] (in view: work.rom00(rom0)) mapped in logic. To map to a technology ROM, apply attribute syn_romstyle on this instance.
@N: MO106 :"d:\clases\arqui\2doparcial\rom00\memrom00.vhdl":39:17:39:23|Found ROM R02.outro_1[6:0] (in view: work.rom00(rom0)) with 32 words by 7 bits.

Finished RTL optimizations (Real Time elapsed 0h:00m:00s; CPU Time elapsed 0h:00m:00s; Memory used current: 171MB peak: 171MB)


Starting factoring (Real Time elapsed 0h:00m:00s; CPU Time elapsed 0h:00m:00s; Memory used current: 171MB peak: 171MB)


Finished factoring (Real Time elapsed 0h:00m:00s; CPU Time elapsed 0h:00m:00s; Memory used current: 173MB peak: 173MB)


Finished generic timing optimizations - Pass 1 (Real Time elapsed 0h:00m:00s; CPU Time elapsed 0h:00m:00s; Memory used current: 174MB peak: 174MB)


Starting Early Timing Optimization (Real Time elapsed 0h:00m:00s; CPU Time elapsed 0h:00m:00s; Memory used current: 174MB peak: 174MB)


Finished Early Timing Optimization (Real Time elapsed 0h:00m:01s; CPU Time elapsed 0h:00m:01s; Memory used current: 174MB peak: 175MB)


Finished generic timing optimizations - Pass 2 (Real Time elapsed 0h:00m:01s; CPU Time elapsed 0h:00m:01s; Memory used current: 174MB peak: 175MB)


Finished preparing to map (Real Time elapsed 0h:00m:01s; CPU Time elapsed 0h:00m:01s; Memory used current: 175MB peak: 175MB)


Finished technology mapping (Real Time elapsed 0h:00m:01s; CPU Time elapsed 0h:00m:01s; Memory used current: 182MB peak: 182MB)

Pass		 CPU time		Worst Slack		Luts / Registers
------------------------------------------------------------
   1		0h:00m:01s		   466.14ns		  72 /        28

Finished technology timing optimizations and critical path resynthesis (Real Time elapsed 0h:00m:01s; CPU Time elapsed 0h:00m:01s; Memory used current: 182MB peak: 183MB)

@N: FX164 |The option to pack registers in the IOB has not been specified. Please set syn_useioff attribute.  

Finished restoring hierarchy (Real Time elapsed 0h:00m:01s; CPU Time elapsed 0h:00m:01s; Memory used current: 183MB peak: 183MB)


Start Writing Netlists (Real Time elapsed 0h:00m:01s; CPU Time elapsed 0h:00m:01s; Memory used current: 144MB peak: 183MB)

Writing Analyst data base D:\Clases\Arqui\2doParcial\rom00\rom0\synwork\rom00_rom0_m.srm

Finished Writing Netlist Databases (Real Time elapsed 0h:00m:01s; CPU Time elapsed 0h:00m:01s; Memory used current: 180MB peak: 183MB)

Writing EDIF Netlist and constraint files
@N: FX1056 |Writing EDF file: D:\Clases\Arqui\2doParcial\rom00\rom0\rom00_rom0.edi
@N: BW106 |Synplicity Constraint File capacitance units using default value of 1pF 

Finished Writing EDIF Netlist and constraint files (Real Time elapsed 0h:00m:02s; CPU Time elapsed 0h:00m:02s; Memory used current: 185MB peak: 185MB)


Start final timing analysis (Real Time elapsed 0h:00m:02s; CPU Time elapsed 0h:00m:02s; Memory used current: 184MB peak: 185MB)

@W: MT420 |Found inferred clock oscint00|osc_int_inferred_clock with period 480.77ns. Please declare a user-defined clock on net R00.OS00.sclk.
@N: MT615 |Found clock div00|oscout_derived_clock with period 480.77ns 


##### START OF TIMING REPORT #####[
# Timing report written on Mon Nov 29 10:20:58 2021
#


Top view:               rom00
Requested Frequency:    2.1 MHz
Wire load mode:         top
Paths requested:        5
Constraint File(s):    
@N: MT320 |This timing report is an estimate of place and route data. For final timing results, use the FPGA vendor place and route report.

@N: MT322 |Clock constraints include only register-to-register paths associated with each individual clock.



Performance Summary
*******************


Worst slack in design: 464.402

                                    Requested     Estimated     Requested     Estimated                 Clock                                              Clock              
Starting Clock                      Frequency     Frequency     Period        Period        Slack       Type                                               Group              
------------------------------------------------------------------------------------------------------------------------------------------------------------------------------
div00|oscout_derived_clock          2.1 MHz       693.3 MHz     480.769       1.442         958.654     derived (from oscint00|osc_int_inferred_clock)     Inferred_clkgroup_0
oscint00|osc_int_inferred_clock     2.1 MHz       61.1 MHz      480.769       16.367        464.402     inferred                                           Inferred_clkgroup_0
==============================================================================================================================================================================





Clock Relationships
*******************

Clocks                                                            |    rise  to  rise     |    fall  to  fall   |    rise  to  fall   |    fall  to  rise 
----------------------------------------------------------------------------------------------------------------------------------------------------------
Starting                         Ending                           |  constraint  slack    |  constraint  slack  |  constraint  slack  |  constraint  slack
----------------------------------------------------------------------------------------------------------------------------------------------------------
oscint00|osc_int_inferred_clock  oscint00|osc_int_inferred_clock  |  480.769     464.402  |  No paths    -      |  No paths    -      |  No paths    -    
div00|oscout_derived_clock       div00|oscout_derived_clock       |  480.769     958.654  |  No paths    -      |  No paths    -      |  No paths    -    
==========================================================================================================================================================
 Note: 'No paths' indicates there are no paths in the design for that pair of clock edges.
       'Diff grp' indicates that paths exist but the starting clock and ending clock are in different clock groups.



Interface Information 
*********************

No IO constraint found



====================================
Detailed Report for Clock: div00|oscout_derived_clock
====================================



Starting Points with Worst Slack
********************************

                Starting                                                          Arrival            
Instance        Reference                      Type        Pin     Net            Time        Slack  
                Clock                                                                                
-----------------------------------------------------------------------------------------------------
R01.outc[0]     div00|oscout_derived_clock     FD1S3IX     Q       outc0_c[0]     1.268       958.654
R01.outc[1]     div00|oscout_derived_clock     FD1S3IX     Q       outc0_c[1]     1.256       958.666
R01.outc[4]     div00|oscout_derived_clock     FD1S3IX     Q       outc0_c[4]     1.252       958.670
R01.outc[2]     div00|oscout_derived_clock     FD1S3IX     Q       outc0_c[2]     1.260       959.751
R01.outc[3]     div00|oscout_derived_clock     FD1S3IX     Q       outc0_c[3]     1.256       959.755
=====================================================================================================


Ending Points with Worst Slack
******************************

                Starting                                                                 Required            
Instance        Reference                      Type        Pin     Net                   Time         Slack  
                Clock                                                                                        
-------------------------------------------------------------------------------------------------------------
R01.outc[3]     div00|oscout_derived_clock     FD1S3IX     D       un1_outc_1_axbxc3     961.627      958.654
R01.outc[4]     div00|oscout_derived_clock     FD1S3IX     D       un1_outc_1_axbxc4     961.627      958.654
R01.outc[0]     div00|oscout_derived_clock     FD1S3IX     D       un1_outc_1_axbxc0     961.627      959.743
R01.outc[1]     div00|oscout_derived_clock     FD1S3IX     D       un1_outc_1_axbxc1     961.627      959.743
R01.outc[2]     div00|oscout_derived_clock     FD1S3IX     D       un1_outc_1_axbxc2     961.627      959.743
=============================================================================================================



Worst Path Information
***********************


Path information for path number 1: 
      Requested Period:                      961.538
    - Setup time:                            -0.089
    + Clock delay at ending point:           0.000 (ideal)
    = Required time:                         961.627

    - Propagation time:                      2.973
    - Clock delay at starting point:         0.000 (ideal)
    = Slack (non-critical) :                 958.654

    Number of logic level(s):                2
    Starting point:                          R01.outc[0] / Q
    Ending point:                            R01.outc[3] / D
    The start point is clocked by            div00|oscout_derived_clock [rising] (rise=0.000 fall=240.385 period=480.769) on pin CK
    The end   point is clocked by            div00|oscout_derived_clock [rising] (rise=0.000 fall=240.385 period=480.769) on pin CK
    -Timing constraint applied as multi cycle path with factor 2 (from c:div00|oscout_derived_clock to c:div00|oscout_derived_clock)

Instance / Net                         Pin      Pin               Arrival     No. of    
Name                      Type         Name     Dir     Delay     Time        Fan Out(s)
----------------------------------------------------------------------------------------
R01.outc[0]               FD1S3IX      Q        Out     1.268     1.268 r     -         
outc0_c[0]                Net          -        -       -         -           16        
R01.un1_outc_1_ac0_1      ORCALUT4     A        In      0.000     1.268 r     -         
R01.un1_outc_1_ac0_1      ORCALUT4     Z        Out     1.089     2.357 r     -         
un1_outc_1_c2             Net          -        -       -         -           2         
R01.un1_outc_1_axbxc3     ORCALUT4     A        In      0.000     2.357 r     -         
R01.un1_outc_1_axbxc3     ORCALUT4     Z        Out     0.617     2.973 r     -         
un1_outc_1_axbxc3         Net          -        -       -         -           1         
R01.outc[3]               FD1S3IX      D        In      0.000     2.973 r     -         
========================================================================================




====================================
Detailed Report for Clock: oscint00|osc_int_inferred_clock
====================================



Starting Points with Worst Slack
********************************

                      Starting                                                             Arrival            
Instance              Reference                           Type        Pin     Net          Time        Slack  
                      Clock                                                                                   
--------------------------------------------------------------------------------------------------------------
R00.OS01.sdiv[0]      oscint00|osc_int_inferred_clock     FD1S3IX     Q       sdiv[0]      1.044       464.402
R00.OS01.sdiv[1]      oscint00|osc_int_inferred_clock     FD1S3IX     Q       sdiv[1]      1.044       464.402
R00.OS01.sdiv[2]      oscint00|osc_int_inferred_clock     FD1S3IX     Q       sdiv[2]      1.044       464.402
R00.OS01.sdiv[3]      oscint00|osc_int_inferred_clock     FD1S3IX     Q       sdiv[3]      1.044       464.402
R00.OS01.sdiv[6]      oscint00|osc_int_inferred_clock     FD1S3IX     Q       sdiv[6]      1.044       464.402
R00.OS01.sdiv[7]      oscint00|osc_int_inferred_clock     FD1S3IX     Q       sdiv[7]      1.044       464.402
R00.OS01.sdiv[8]      oscint00|osc_int_inferred_clock     FD1S3IX     Q       sdiv[8]      1.044       464.402
R00.OS01.sdiv[16]     oscint00|osc_int_inferred_clock     FD1S3IX     Q       sdiv[16]     1.108       465.355
R00.OS01.sdiv[4]      oscint00|osc_int_inferred_clock     FD1S3IX     Q       sdiv[4]      1.044       465.419
R00.OS01.sdiv[5]      oscint00|osc_int_inferred_clock     FD1S3IX     Q       sdiv[5]      1.044       465.419
==============================================================================================================


Ending Points with Worst Slack
******************************

                      Starting                                                                Required            
Instance              Reference                           Type        Pin     Net             Time         Slack  
                      Clock                                                                                       
------------------------------------------------------------------------------------------------------------------
R00.OS01.sdiv[21]     oscint00|osc_int_inferred_clock     FD1S3IX     D       sdiv_11[21]     480.664      464.402
R00.OS01.sdiv[19]     oscint00|osc_int_inferred_clock     FD1S3IX     D       sdiv_11[19]     480.664      464.545
R00.OS01.sdiv[20]     oscint00|osc_int_inferred_clock     FD1S3IX     D       sdiv_11[20]     480.664      464.545
R00.OS01.sdiv[17]     oscint00|osc_int_inferred_clock     FD1S3IX     D       sdiv_11[17]     480.664      464.688
R00.OS01.sdiv[18]     oscint00|osc_int_inferred_clock     FD1S3IX     D       sdiv_11[18]     480.664      464.688
R00.OS01.sdiv[15]     oscint00|osc_int_inferred_clock     FD1S3IX     D       sdiv_11[15]     480.664      464.831
R00.OS01.sdiv[16]     oscint00|osc_int_inferred_clock     FD1S3IX     D       sdiv_11[16]     480.664      464.831
R00.OS01.sdiv[13]     oscint00|osc_int_inferred_clock     FD1S3IX     D       sdiv_11[13]     480.664      464.974
R00.OS01.sdiv[14]     oscint00|osc_int_inferred_clock     FD1S3IX     D       sdiv_11[14]     480.664      464.974
R00.OS01.sdiv[11]     oscint00|osc_int_inferred_clock     FD1S3IX     D       sdiv_11[11]     480.664      465.116
==================================================================================================================



Worst Path Information
***********************


Path information for path number 1: 
      Requested Period:                      480.769
    - Setup time:                            0.106
    + Clock delay at ending point:           0.000 (ideal)
    = Required time:                         480.664

    - Propagation time:                      16.261
    - Clock delay at starting point:         0.000 (ideal)
    = Slack (critical) :                     464.402

    Number of logic level(s):                22
    Starting point:                          R00.OS01.sdiv[0] / Q
    Ending point:                            R00.OS01.sdiv[21] / D
    The start point is clocked by            oscint00|osc_int_inferred_clock [rising] (rise=0.000 fall=240.385 period=480.769) on pin CK
    The end   point is clocked by            oscint00|osc_int_inferred_clock [rising] (rise=0.000 fall=240.385 period=480.769) on pin CK

Instance / Net                                       Pin      Pin               Arrival      No. of    
Name                                    Type         Name     Dir     Delay     Time         Fan Out(s)
-------------------------------------------------------------------------------------------------------
R00.OS01.sdiv[0]                        FD1S3IX      Q        Out     1.044     1.044 r      -         
sdiv[0]                                 Net          -        -       -         -            2         
R00.OS01.oscout_0_sqmuxa_7_i_a2_0_5     ORCALUT4     A        In      0.000     1.044 r      -         
R00.OS01.oscout_0_sqmuxa_7_i_a2_0_5     ORCALUT4     Z        Out     1.017     2.061 f      -         
oscout_0_sqmuxa_7_i_a2_0_5              Net          -        -       -         -            1         
R00.OS01.oscout_0_sqmuxa_7_i_a2_0       ORCALUT4     B        In      0.000     2.061 f      -         
R00.OS01.oscout_0_sqmuxa_7_i_a2_0       ORCALUT4     Z        Out     1.089     3.149 f      -         
N_80                                    Net          -        -       -         -            2         
R00.OS01.oscout_0_sqmuxa_5_i_a2_1       ORCALUT4     A        In      0.000     3.149 f      -         
R00.OS01.oscout_0_sqmuxa_5_i_a2_1       ORCALUT4     Z        Out     1.153     4.302 f      -         
N_83                                    Net          -        -       -         -            3         
R00.OS01.oscout_0_sqmuxa_4_i_a2_0       ORCALUT4     B        In      0.000     4.302 f      -         
R00.OS01.oscout_0_sqmuxa_4_i_a2_0       ORCALUT4     Z        Out     1.193     5.495 f      -         
N_85                                    Net          -        -       -         -            4         
R00.OS01.oscout_0_sqmuxa_i_a2           ORCALUT4     A        In      0.000     5.495 f      -         
R00.OS01.oscout_0_sqmuxa_i_a2           ORCALUT4     Z        Out     1.017     6.512 f      -         
N_87                                    Net          -        -       -         -            1         
R00.OS01.oscout_0_sqmuxa_2_i_a6         ORCALUT4     A        In      0.000     6.512 f      -         
R00.OS01.oscout_0_sqmuxa_2_i_a6         ORCALUT4     Z        Out     1.017     7.529 f      -         
N_71                                    Net          -        -       -         -            1         
R00.OS01.oscout_0_sqmuxa_2_i            ORCALUT4     C        In      0.000     7.529 f      -         
R00.OS01.oscout_0_sqmuxa_2_i            ORCALUT4     Z        Out     1.089     8.617 f      -         
N_18                                    Net          -        -       -         -            2         
R00.OS01.un1_oscout50_4                 ORCALUT4     C        In      0.000     8.617 f      -         
R00.OS01.un1_oscout50_4                 ORCALUT4     Z        Out     1.017     9.634 r      -         
un1_oscout50_4                          Net          -        -       -         -            1         
R00.OS01.un1_oscout50_5                 ORCALUT4     D        In      0.000     9.634 r      -         
R00.OS01.un1_oscout50_5                 ORCALUT4     Z        Out     1.089     10.723 r     -         
un1_oscout50_5                          Net          -        -       -         -            2         
R00.OS01.un1_sdiv_cry_0_0_RNO           ORCALUT4     B        In      0.000     10.723 r     -         
R00.OS01.un1_sdiv_cry_0_0_RNO           ORCALUT4     Z        Out     1.017     11.740 f     -         
un1_oscout50_i                          Net          -        -       -         -            1         
R00.OS01.un1_sdiv_cry_0_0               CCU2D        B0       In      0.000     11.740 f     -         
R00.OS01.un1_sdiv_cry_0_0               CCU2D        COUT     Out     1.544     13.284 r     -         
un1_sdiv_cry_0                          Net          -        -       -         -            1         
R00.OS01.un1_sdiv_cry_1_0               CCU2D        CIN      In      0.000     13.284 r     -         
R00.OS01.un1_sdiv_cry_1_0               CCU2D        COUT     Out     0.143     13.427 r     -         
un1_sdiv_cry_2                          Net          -        -       -         -            1         
R00.OS01.un1_sdiv_cry_3_0               CCU2D        CIN      In      0.000     13.427 r     -         
R00.OS01.un1_sdiv_cry_3_0               CCU2D        COUT     Out     0.143     13.570 r     -         
un1_sdiv_cry_4                          Net          -        -       -         -            1         
R00.OS01.un1_sdiv_cry_5_0               CCU2D        CIN      In      0.000     13.570 r     -         
R00.OS01.un1_sdiv_cry_5_0               CCU2D        COUT     Out     0.143     13.713 r     -         
un1_sdiv_cry_6                          Net          -        -       -         -            1         
R00.OS01.un1_sdiv_cry_7_0               CCU2D        CIN      In      0.000     13.713 r     -         
R00.OS01.un1_sdiv_cry_7_0               CCU2D        COUT     Out     0.143     13.855 r     -         
un1_sdiv_cry_8                          Net          -        -       -         -            1         
R00.OS01.un1_sdiv_cry_9_0               CCU2D        CIN      In      0.000     13.855 r     -         
R00.OS01.un1_sdiv_cry_9_0               CCU2D        COUT     Out     0.143     13.998 r     -         
un1_sdiv_cry_10                         Net          -        -       -         -            1         
R00.OS01.un1_sdiv_cry_11_0              CCU2D        CIN      In      0.000     13.998 r     -         
R00.OS01.un1_sdiv_cry_11_0              CCU2D        COUT     Out     0.143     14.141 r     -         
un1_sdiv_cry_12                         Net          -        -       -         -            1         
R00.OS01.un1_sdiv_cry_13_0              CCU2D        CIN      In      0.000     14.141 r     -         
R00.OS01.un1_sdiv_cry_13_0              CCU2D        COUT     Out     0.143     14.284 r     -         
un1_sdiv_cry_14                         Net          -        -       -         -            1         
R00.OS01.un1_sdiv_cry_15_0              CCU2D        CIN      In      0.000     14.284 r     -         
R00.OS01.un1_sdiv_cry_15_0              CCU2D        COUT     Out     0.143     14.427 r     -         
un1_sdiv_cry_16                         Net          -        -       -         -            1         
R00.OS01.un1_sdiv_cry_17_0              CCU2D        CIN      In      0.000     14.427 r     -         
R00.OS01.un1_sdiv_cry_17_0              CCU2D        COUT     Out     0.143     14.569 r     -         
un1_sdiv_cry_18                         Net          -        -       -         -            1         
R00.OS01.un1_sdiv_cry_19_0              CCU2D        CIN      In      0.000     14.569 r     -         
R00.OS01.un1_sdiv_cry_19_0              CCU2D        COUT     Out     0.143     14.712 r     -         
un1_sdiv_cry_20                         Net          -        -       -         -            1         
R00.OS01.un1_sdiv_s_21_0                CCU2D        CIN      In      0.000     14.712 r     -         
R00.OS01.un1_sdiv_s_21_0                CCU2D        S0       Out     1.549     16.261 r     -         
sdiv_11[21]                             Net          -        -       -         -            1         
R00.OS01.sdiv[21]                       FD1S3IX      D        In      0.000     16.261 r     -         
=======================================================================================================



##### END OF TIMING REPORT #####]

Timing exceptions that could not be applied

Finished final timing analysis (Real Time elapsed 0h:00m:02s; CPU Time elapsed 0h:00m:02s; Memory used current: 185MB peak: 185MB)


Finished timing report (Real Time elapsed 0h:00m:02s; CPU Time elapsed 0h:00m:02s; Memory used current: 185MB peak: 185MB)

---------------------------------------
Resource Usage Report
Part: lcmxo2_7000he-5

Register bits: 28 of 6864 (0%)
PIC Latch:       0
I/O cells:       25


Details:
CCU2D:          12
FD1S3AX:        1
FD1S3IX:        27
GSR:            1
IB:             6
INV:            1
OB:             19
ORCALUT4:       70
OSCH:           1
PFUMX:          1
PUR:            1
VHI:            3
VLO:            5
Mapper successful!

At Mapper Exit (Real Time elapsed 0h:00m:02s; CPU Time elapsed 0h:00m:02s; Memory used current: 64MB peak: 185MB)

Process took 0h:00m:02s realtime, 0h:00m:02s cputime
# Mon Nov 29 10:20:58 2021

###########################################################]


Synthesis exit by 0.

edif2ngd  -l "MachXO2" -d LCMXO2-7000HE -path "D:/Clases/Arqui/2doParcial/rom00/rom0" -path "D:/Clases/Arqui/2doParcial/rom00"   "D:/Clases/Arqui/2doParcial/rom00/rom0/rom00_rom0.edi" "rom00_rom0.ngo"   
edif2ngd:  version Diamond (64-bit) 3.12.0.240.2

Copyright (c) 1991-1994 by NeoCAD Inc. All rights reserved.
Copyright (c) 1995 AT&T Corp.   All rights reserved.
Copyright (c) 1995-2001 Lucent Technologies Inc.  All rights reserved.
Copyright (c) 2001 Agere Systems   All rights reserved.
Copyright (c) 2002-2020 Lattice Semiconductor Corporation,  All rights reserved.
Writing the design to rom00_rom0.ngo...

Total CPU Time: 0 secs  
Total REAL Time: 0 secs  
Peak Memory Usage: 10 MB


ngdbuild  -a "MachXO2" -d LCMXO2-7000HE  -p "D:/LSCC/diamond/3.12/ispfpga/xo2c00/data"  -p "D:/Clases/Arqui/2doParcial/rom00/rom0" -p "D:/Clases/Arqui/2doParcial/rom00"  "rom00_rom0.ngo" "rom00_rom0.ngd"  	
ngdbuild:  version Diamond (64-bit) 3.12.0.240.2

Copyright (c) 1991-1994 by NeoCAD Inc. All rights reserved.
Copyright (c) 1995 AT&T Corp.   All rights reserved.
Copyright (c) 1995-2001 Lucent Technologies Inc.  All rights reserved.
Copyright (c) 2001 Agere Systems   All rights reserved.
Copyright (c) 2002-2020 Lattice Semiconductor Corporation,  All rights reserved.
Reading 'rom00_rom0.ngo' ...
Loading NGL library 'D:/LSCC/diamond/3.12/ispfpga/xo2c00a/data/xo2alib.ngl'...
Loading NGL library 'D:/LSCC/diamond/3.12/ispfpga/xo2c00/data/xo2clib.ngl'...
Loading NGL library 'D:/LSCC/diamond/3.12/ispfpga/mg5g00/data/mg5glib.ngl'...
Loading NGL library 'D:/LSCC/diamond/3.12/ispfpga/or5g00/data/orc5glib.ngl'...


Running DRC...

    <postMsg mid="1166052" type="Warning" dynamic="2" navigation="1" arg0="logical" arg1="R00/OS00/OSCIinst0_SEDSTDBY" arg2="R00/OS00/OSCIinst0_SEDSTDBY"  />
    <postMsg mid="1163101" type="Warning" dynamic="1" navigation="0" arg0="1"  />

Design Results:
    147 blocks expanded
Complete the first expansion.
Writing 'rom00_rom0.ngd' ...
Total CPU Time: 0 secs 
Total REAL Time: 0 secs 
Peak Memory Usage: 18 MB


map -a "MachXO2" -p LCMXO2-7000HE -t TQFP144 -s 5 -oc Commercial   "rom00_rom0.ngd" -o "rom00_rom0_map.ncd" -pr "rom00_rom0.prf" -mp "rom00_rom0.mrp" -lpf "D:/Clases/Arqui/2doParcial/rom00/rom0/rom00_rom0_synplify.lpf" -lpf "D:/Clases/Arqui/2doParcial/rom00/rom00.lpf"  -c 0           
map:  version Diamond (64-bit) 3.12.0.240.2

Copyright (c) 1991-1994 by NeoCAD Inc. All rights reserved.
Copyright (c) 1995 AT&T Corp.   All rights reserved.
Copyright (c) 1995-2001 Lucent Technologies Inc.  All rights reserved.
Copyright (c) 2001 Agere Systems   All rights reserved.
Copyright (c) 2002-2020 Lattice Semiconductor Corporation,  All rights reserved.
   Process the file: rom00_rom0.ngd
   Picdevice="LCMXO2-7000HE"

   Pictype="TQFP144"

   Picspeed=5

   Remove unused logic

   Do not produce over sized NCDs.

Part used: LCMXO2-7000HETQFP144, Performance used: 5.

Loading device for application map from file 'xo2c7000.nph' in environment: D:/LSCC/diamond/3.12/ispfpga.
Package Status:                     Final          Version 1.39.

Running general design DRC...

Removing unused logic...

Optimizing...




Design Summary:
   Number of registers:     28 out of  7209 (0%)
      PFU registers:           28 out of  6864 (0%)
      PIO registers:            0 out of   345 (0%)
   Number of SLICEs:        48 out of  3432 (1%)
      SLICEs as Logic/ROM:     48 out of  3432 (1%)
      SLICEs as RAM:            0 out of  2574 (0%)
      SLICEs as Carry:         12 out of  3432 (0%)
   Number of LUT4s:         96 out of  6864 (1%)
      Number used as logic LUTs:         72
      Number used as distributed RAM:     0
      Number used as ripple logic:       24
      Number used as shift registers:     0
   Number of PIO sites used: 25 + 4(JTAG) out of 115 (25%)
   Number of block RAMs:  0 out of 26 (0%)
   Number of GSRs:        0 out of 1 (0%)
   EFB used :        No
   JTAG used :       No
   Readback used :   No
   Oscillator used : Yes
   Startup used :    No
   POR :             On
   Bandgap :         On
   Number of Power Controller:  0 out of 1 (0%)
   Number of Dynamic Bank Controller (BCINRD):  0 out of 6 (0%)
   Number of Dynamic Bank Controller (BCLVDSO):  0 out of 1 (0%)
   Number of DCCA:  0 out of 8 (0%)
   Number of DCMA:  0 out of 2 (0%)
   Number of PLLs:  0 out of 2 (0%)
   Number of DQSDLLs:  0 out of 2 (0%)
   Number of CLKDIVC:  0 out of 4 (0%)
   Number of ECLKSYNCA:  0 out of 4 (0%)
   Number of ECLKBRIDGECS:  0 out of 2 (0%)
   Notes:-
      1. Total number of LUT4s = (Number of logic LUT4s) + 2*(Number of distributed RAMs) + 2*(Number of ripple logic)
      2. Number of logic LUT4s does not include count of distributed RAM and ripple logic.
   Number of clocks:  2
     Net clk0_c: 3 loads, 3 rising, 0 falling (Driver: R00/OS01/oscout )
     Net R00/sclk: 13 loads, 13 rising, 0 falling (Driver: R00/OS00/OSCIinst0 )
   Number of Clock Enables:  0
   Number of LSRs:  2
     Net R00/OS01/oscout_0_sqmuxa_i_RNIF10P: 12 loads, 12 LSLICEs
     Net en0_c: 3 loads, 3 LSLICEs
   Number of nets driven by tri-state buffers:  0
   Top 10 highest fanout non-clock nets:
     Net outc0_c[0]: 16 loads
     Net outc0_c[2]: 15 loads
     Net outc0_c[1]: 14 loads
     Net outc0_c[3]: 14 loads
     Net outc0_c[4]: 13 loads
     Net R00/OS01/oscout_0_sqmuxa_i_RNIF10P: 12 loads
     Net cdiv0_c[1]: 7 loads
     Net cdiv0_c[0]: 6 loads
     Net cdiv0_c[2]: 6 loads
     Net R00/OS01/sdiv[18]: 6 loads
 

   Number of warnings:  0
   Number of errors:    0



Total CPU Time: 0 secs  
Total REAL Time: 0 secs  
Peak Memory Usage: 58 MB

Dumping design to file rom00_rom0_map.ncd.

mpartrce -p "rom00_rom0.p2t" -f "rom00_rom0.p3t" -tf "rom00_rom0.pt" "rom00_rom0_map.ncd" "rom00_rom0.ncd"

---- MParTrce Tool ----
Removing old design directory at request of -rem command line option to this program.
Running par. Please wait . . .

Lattice Place and Route Report for Design "rom00_rom0_map.ncd"
Mon Nov 29 10:21:01 2021

PAR: Place And Route Diamond (64-bit) 3.12.0.240.2.
Command Line: par -w -l 5 -i 6 -t 1 -c 0 -e 0 -gui -msgset D:/Clases/Arqui/2doParcial/rom00/promote.xml -exp parUseNBR=1:parCDP=0:parCDR=0:parPathBased=OFF:parASE=1 rom00_rom0_map.ncd rom00_rom0.dir/5_1.ncd rom00_rom0.prf
Preference file: rom00_rom0.prf.
Placement level-cost: 5-1.
Routing Iterations: 6

Loading design for application par from file rom00_rom0_map.ncd.
Design name: rom00
NCD version: 3.3
Vendor:      LATTICE
Device:      LCMXO2-7000HE
Package:     TQFP144
Performance: 5
Loading device for application par from file 'xo2c7000.nph' in environment: D:/LSCC/diamond/3.12/ispfpga.
Package Status:                     Final          Version 1.39.
Performance Hardware Data Status:   Final          Version 34.4.
License checked out.


Ignore Preference Error(s):  True
Device utilization summary:

   PIO (prelim)   25+4(JTAG)/336     9% used
                  25+4(JTAG)/115     25% bonded

   SLICE             48/3432          1% used

   OSC                1/1           100% used


Number of Signals: 139
Number of Connections: 352

Pin Constraint Summary:
   25 out of 25 pins locked (100% locked).

The following 1 signal is selected to use the primary clock routing resources:
    R00/sclk (driver: R00/OS00/OSCIinst0, clk load #: 13)


The following 1 signal is selected to use the secondary clock routing resources:
    R00/OS01/oscout_0_sqmuxa_i_RNIF10P (driver: R00/OS01/SLICE_28, clk load #: 0, sr load #: 12, ce load #: 0)

No signal is selected as Global Set/Reset.
Starting Placer Phase 0.

Finished Placer Phase 0.  REAL time: 0 secs 

Starting Placer Phase 1.
...................
Placer score = 34726.
Finished Placer Phase 1.  REAL time: 3 secs 

Starting Placer Phase 2.
.
Placer score =  34636
Finished Placer Phase 2.  REAL time: 3 secs 


------------------ Clock Report ------------------

Global Clock Resources:
  CLK_PIN    : 0 out of 8 (0%)
  PLL        : 0 out of 2 (0%)
  DCM        : 0 out of 2 (0%)
  DCC        : 0 out of 8 (0%)

Global Clocks:
  PRIMARY "R00/sclk" from OSC on comp "R00/OS00/OSCIinst0" on site "OSC", clk load = 13
  SECONDARY "R00/OS01/oscout_0_sqmuxa_i_RNIF10P" from F0 on comp "R00/OS01/SLICE_28" on site "R14C18D", clk load = 0, ce load = 0, sr load = 12

  PRIMARY  : 1 out of 8 (12%)
  SECONDARY: 1 out of 8 (12%)

Edge Clocks:
  No edge clock selected.

--------------- End of Clock Report ---------------


I/O Usage Summary (final):
   25 + 4(JTAG) out of 336 (8.6%) PIO sites used.
   25 + 4(JTAG) out of 115 (25.2%) bonded PIO sites used.
   Number of PIO comps: 25; differential: 0.
   Number of Vref pins used: 0.

I/O Bank Usage Summary:
+----------+---------------+------------+-----------+
| I/O Bank | Usage         | Bank Vccio | Bank Vref |
+----------+---------------+------------+-----------+
| 0        | 8 / 28 ( 28%) | 2.5V       | -         |
| 1        | 3 / 29 ( 10%) | 2.5V       | -         |
| 2        | 3 / 29 ( 10%) | 2.5V       | -         |
| 3        | 6 / 9 ( 66%)  | 2.5V       | -         |
| 4        | 0 / 10 (  0%) | -          | -         |
| 5        | 5 / 10 ( 50%) | 2.5V       | -         |
+----------+---------------+------------+-----------+

Total placer CPU time: 3 secs 

Dumping design to file rom00_rom0.dir/5_1.ncd.

0 connections routed; 352 unrouted.
Starting router resource preassignment

    <postMsg mid="66011008" type="Warning" dynamic="1" navigation="0" arg0="&#xA;   Signal=clk0_c loads=5 clock_loads=3"  />

Completed router resource preassignment. Real time: 5 secs 

Start NBR router at 10:21:06 11/29/21

*****************************************************************
Info: NBR allows conflicts(one node used by more than one signal)
      in the earlier iterations. In each iteration, it tries to  
      solve the conflicts while keeping the critical connections 
      routed as short as possible. The routing process is said to
      be completed when no conflicts exist and all connections   
      are routed.                                                
Note: NBR uses a different method to calculate timing slacks. The
      worst slack and total negative slack may not be the same as
      that in TRCE report. You should always run TRCE to verify  
      your design.                                               
*****************************************************************

Start NBR special constraint process at 10:21:06 11/29/21

Start NBR section for initial routing at 10:21:06 11/29/21
Level 4, iteration 1
10(0.00%) conflicts; 0(0.00%) untouched conn; 0 (nbr) score; 
Estimated worst slack/total negative slack<setup>: 464.852ns/0.000ns; real time: 5 secs 

Info: Initial congestion level at 75% usage is 0
Info: Initial congestion area  at 75% usage is 0 (0.00%)

Start NBR section for normal routing at 10:21:06 11/29/21
Level 4, iteration 1
5(0.00%) conflicts; 0(0.00%) untouched conn; 0 (nbr) score; 
Estimated worst slack/total negative slack<setup>: 464.525ns/0.000ns; real time: 5 secs 
Level 4, iteration 2
2(0.00%) conflicts; 0(0.00%) untouched conn; 0 (nbr) score; 
Estimated worst slack/total negative slack<setup>: 464.525ns/0.000ns; real time: 5 secs 
Level 4, iteration 3
1(0.00%) conflict; 0(0.00%) untouched conn; 0 (nbr) score; 
Estimated worst slack/total negative slack<setup>: 464.525ns/0.000ns; real time: 5 secs 
Level 4, iteration 4
0(0.00%) conflict; 0(0.00%) untouched conn; 0 (nbr) score; 
Estimated worst slack/total negative slack<setup>: 464.525ns/0.000ns; real time: 5 secs 

Start NBR section for setup/hold timing optimization with effort level 3 at 10:21:06 11/29/21

Start NBR section for re-routing at 10:21:06 11/29/21
Level 4, iteration 1
0(0.00%) conflict; 0(0.00%) untouched conn; 0 (nbr) score; 
Estimated worst slack/total negative slack<setup>: 464.525ns/0.000ns; real time: 5 secs 

Start NBR section for post-routing at 10:21:06 11/29/21

End NBR router with 0 unrouted connection

NBR Summary
-----------
  Number of unrouted connections : 0 (0.00%)
  Number of connections with timing violations : 0 (0.00%)
  Estimated worst slack<setup> : 464.525ns
  Timing score<setup> : 0
-----------
Notes: The timing info is calculated for SETUP only and all PAR_ADJs are ignored.



    <postMsg mid="66011008" type="Warning" dynamic="1" navigation="0" arg0="&#xA;   Signal=clk0_c loads=5 clock_loads=3"  />

Total CPU time 5 secs 
Total REAL time: 5 secs 
Completely routed.
End of route.  352 routed (100.00%); 0 unrouted.

Hold time timing score: 0, hold timing errors: 0

Timing score: 0 

Dumping design to file rom00_rom0.dir/5_1.ncd.


PAR_SUMMARY::Run status = Completed
PAR_SUMMARY::Number of unrouted conns = 0
PAR_SUMMARY::Worst  slack<setup/<ns>> = 464.525
PAR_SUMMARY::Timing score<setup/<ns>> = 0.000
PAR_SUMMARY::Worst  slack<hold /<ns>> = 0.379
PAR_SUMMARY::Timing score<hold /<ns>> = 0.000
PAR_SUMMARY::Number of errors = 0

Total CPU  time to completion: 5 secs 
Total REAL time to completion: 6 secs 

par done!

Note: user must run 'Trace' for timing closure signoff.

Copyright (c) 1991-1994 by NeoCAD Inc. All rights reserved.
Copyright (c) 1995 AT&T Corp.   All rights reserved.
Copyright (c) 1995-2001 Lucent Technologies Inc.  All rights reserved.
Copyright (c) 2001 Agere Systems   All rights reserved.
Copyright (c) 2002-2020 Lattice Semiconductor Corporation,  All rights reserved.
Exiting par with exit code 0
Exiting mpartrce with exit code 0

trce -f "rom00_rom0.pt" -o "rom00_rom0.twr" "rom00_rom0.ncd" "rom00_rom0.prf"
trce:  version Diamond (64-bit) 3.12.0.240.2

Copyright (c) 1991-1994 by NeoCAD Inc. All rights reserved.
Copyright (c) 1995 AT&T Corp.   All rights reserved.
Copyright (c) 1995-2001 Lucent Technologies Inc.  All rights reserved.
Copyright (c) 2001 Agere Systems   All rights reserved.
Copyright (c) 2002-2020 Lattice Semiconductor Corporation,  All rights reserved.

Loading design for application trce from file rom00_rom0.ncd.
Design name: rom00
NCD version: 3.3
Vendor:      LATTICE
Device:      LCMXO2-7000HE
Package:     TQFP144
Performance: 5
Loading device for application trce from file 'xo2c7000.nph' in environment: D:/LSCC/diamond/3.12/ispfpga.
Package Status:                     Final          Version 1.39.
Performance Hardware Data Status:   Final          Version 34.4.
Setup and Hold Report

--------------------------------------------------------------------------------
Lattice TRACE Report - Setup, Version Diamond (64-bit) 3.12.0.240.2
Mon Nov 29 10:21:07 2021

Copyright (c) 1991-1994 by NeoCAD Inc. All rights reserved.
Copyright (c) 1995 AT&T Corp.   All rights reserved.
Copyright (c) 1995-2001 Lucent Technologies Inc.  All rights reserved.
Copyright (c) 2001 Agere Systems   All rights reserved.
Copyright (c) 2002-2020 Lattice Semiconductor Corporation,  All rights reserved.

Report Information
------------------
Command line:    trce -v 10 -gt -sethld -sp 5 -sphld m -o rom00_rom0.twr -gui -msgset D:/Clases/Arqui/2doParcial/rom00/promote.xml rom00_rom0.ncd rom00_rom0.prf 
Design file:     rom00_rom0.ncd
Preference file: rom00_rom0.prf
Device,speed:    LCMXO2-7000HE,5
Report level:    verbose report, limited to 10 items per preference
--------------------------------------------------------------------------------

BLOCK ASYNCPATHS
BLOCK RESETPATHS
--------------------------------------------------------------------------------



Timing summary (Setup):
---------------

Timing errors: 0  Score: 0
Cumulative negative slack: 0

Constraints cover 6455 paths, 1 nets, and 303 connections (86.08% coverage)

--------------------------------------------------------------------------------
Lattice TRACE Report - Hold, Version Diamond (64-bit) 3.12.0.240.2
Mon Nov 29 10:21:07 2021

Copyright (c) 1991-1994 by NeoCAD Inc. All rights reserved.
Copyright (c) 1995 AT&T Corp.   All rights reserved.
Copyright (c) 1995-2001 Lucent Technologies Inc.  All rights reserved.
Copyright (c) 2001 Agere Systems   All rights reserved.
Copyright (c) 2002-2020 Lattice Semiconductor Corporation,  All rights reserved.

Report Information
------------------
Command line:    trce -v 10 -gt -sethld -sp 5 -sphld m -o rom00_rom0.twr -gui -msgset D:/Clases/Arqui/2doParcial/rom00/promote.xml rom00_rom0.ncd rom00_rom0.prf 
Design file:     rom00_rom0.ncd
Preference file: rom00_rom0.prf
Device,speed:    LCMXO2-7000HE,m
Report level:    verbose report, limited to 10 items per preference
--------------------------------------------------------------------------------

BLOCK ASYNCPATHS
BLOCK RESETPATHS
--------------------------------------------------------------------------------



Timing summary (Hold):
---------------

Timing errors: 0  Score: 0
Cumulative negative slack: 0

Constraints cover 6455 paths, 1 nets, and 303 connections (86.08% coverage)



Timing summary (Setup and Hold):
---------------

Timing errors: 0 (setup), 0 (hold)
Score: 0 (setup), 0 (hold)
Cumulative negative slack: 0 (0+0)
--------------------------------------------------------------------------------

--------------------------------------------------------------------------------

Total CPU Time: 0 secs 
Total REAL Time: 0 secs 
Peak Memory Usage: 66 MB


tmcheck -par "rom00_rom0.par" 

bitgen -f "rom00_rom0.t2b" -w "rom00_rom0.ncd"  -jedec "rom00_rom0.prf"


BITGEN: Bitstream Generator Diamond (64-bit) 3.12.0.240.2
Copyright (c) 1991-1994 by NeoCAD Inc. All rights reserved.
Copyright (c) 1995 AT&T Corp.   All rights reserved.
Copyright (c) 1995-2001 Lucent Technologies Inc.  All rights reserved.
Copyright (c) 2001 Agere Systems   All rights reserved.
Copyright (c) 2002-2020 Lattice Semiconductor Corporation,  All rights reserved.


Loading design for application Bitgen from file rom00_rom0.ncd.
Design name: rom00
NCD version: 3.3
Vendor:      LATTICE
Device:      LCMXO2-7000HE
Package:     TQFP144
Performance: 5
Loading device for application Bitgen from file 'xo2c7000.nph' in environment: D:/LSCC/diamond/3.12/ispfpga.
Package Status:                     Final          Version 1.39.
Performance Hardware Data Status:   Final          Version 34.4.

Running DRC.
DRC detected 0 errors and 0 warnings.
Reading Preference File from rom00_rom0.prf.

Preference Summary:
+---------------------------------+---------------------------------+
|  Preference                     |  Current Setting                |
+---------------------------------+---------------------------------+
|                         RamCfg  |                        Reset**  |
+---------------------------------+---------------------------------+
|                     MCCLK_FREQ  |                         2.08**  |
+---------------------------------+---------------------------------+
|                  CONFIG_SECURE  |                          OFF**  |
+---------------------------------+---------------------------------+
|                          INBUF  |                           ON**  |
+---------------------------------+---------------------------------+
|                      JTAG_PORT  |                       ENABLE**  |
+---------------------------------+---------------------------------+
|                       SDM_PORT  |                      DISABLE**  |
+---------------------------------+---------------------------------+
|                 SLAVE_SPI_PORT  |                      DISABLE**  |
+---------------------------------+---------------------------------+
|                MASTER_SPI_PORT  |                      DISABLE**  |
+---------------------------------+---------------------------------+
|                       I2C_PORT  |                      DISABLE**  |
+---------------------------------+---------------------------------+
|        MUX_CONFIGURATION_PORTS  |                      DISABLE**  |
+---------------------------------+---------------------------------+
|                  CONFIGURATION  |                          CFG**  |
+---------------------------------+---------------------------------+
|                COMPRESS_CONFIG  |                           ON**  |
+---------------------------------+---------------------------------+
|                        MY_ASSP  |                          OFF**  |
+---------------------------------+---------------------------------+
|               ONE_TIME_PROGRAM  |                          OFF**  |
+---------------------------------+---------------------------------+
|                 ENABLE_TRANSFR  |                      DISABLE**  |
+---------------------------------+---------------------------------+
|                  SHAREDEBRINIT  |                      DISABLE**  |
+---------------------------------+---------------------------------+
|            BACKGROUND_RECONFIG  |                          OFF**  |
+---------------------------------+---------------------------------+
 *  Default setting.
 ** The specified setting matches the default setting.


Creating bit map...
 
Bitstream Status: Final           Version 1.95.
 
Saving bit stream in "rom00_rom0.jed".
 
===========
UFM Summary.
===========
UFM Size:        2046 Pages (128*2046 Bits).
UFM Utilization: General Purpose Flash Memory.
 
Available General Purpose Flash Memory: 2046 Pages (Page 0 to Page 2045).
Initialized UFM Pages:                     0 Page.
 
Total CPU Time: 2 secs 
Total REAL Time: 2 secs 
Peak Memory Usage: 289 MB
