
Copyright (C) 1994-2020 Synopsys, Inc.
This Synopsys software and all associated documentation are proprietary to Synopsys, Inc.
and may only be used pursuant to the terms and conditions of a written license agreement
with Synopsys, Inc. All other use, reproduction, modification, or distribution of the
Synopsys software or the associated documentation is strictly prohibited.
Tool: Synplify Pro (R)
Build: Q-2020.03L-SP1
Install: D:\LSCC\diamond\3.12\synpbase
OS: Windows 6.2

Hostname: LILGAMING-PC

Implementation : rom0
Synopsys HDL compiler and linker, Version comp202003synp2, Build 182R, Built Oct 29 2020 10:49:53, @

Modified Files: 1
FID:  path (prevtimestamp, timestamp)
3        D:\Clases\Arqui\2doParcial\rom01\rom01.vhdl (2021-11-29 11:20:41, 2021-11-29 11:41:40)

*******************************************************************
Modules that may have changed as a result of file changes: 6
MID:  lib.cell.view
0        work.contread00.contread0 may have changed because the following files changed:
                        D:\Clases\Arqui\2doParcial\rom01\rom01.vhdl (2021-11-29 11:20:41, 2021-11-29 11:41:40) <-- (may instantiate this module)
2        work.div00.div0 may have changed because the following files changed:
                        D:\Clases\Arqui\2doParcial\rom01\rom01.vhdl (2021-11-29 11:20:41, 2021-11-29 11:41:40) <-- (may instantiate this module)
4        work.memrom00.memrom0 may have changed because the following files changed:
                        D:\Clases\Arqui\2doParcial\rom01\rom01.vhdl (2021-11-29 11:20:41, 2021-11-29 11:41:40) <-- (may instantiate this module)
6        work.osc00.osc0 may have changed because the following files changed:
                        D:\Clases\Arqui\2doParcial\rom01\rom01.vhdl (2021-11-29 11:20:41, 2021-11-29 11:41:40) <-- (may instantiate this module)
8        work.oscint00.oscint0 may have changed because the following files changed:
                        D:\Clases\Arqui\2doParcial\rom01\rom01.vhdl (2021-11-29 11:20:41, 2021-11-29 11:41:40) <-- (may instantiate this module)
10       work.rom00.rom0 may have changed because the following files changed:
                        D:\Clases\Arqui\2doParcial\rom01\rom01.vhdl (2021-11-29 11:20:41, 2021-11-29 11:41:40) <-- (architecture and entity definition)

*******************************************************************
Unmodified files: 18
FID:  path (timestamp)
0        D:\Clases\Arqui\2doParcial\rom01\contRead00.vhdl (2021-11-29 11:10:27)
1        D:\Clases\Arqui\2doParcial\rom01\memrom00.vhdl (2021-11-29 11:40:54)
2        D:\Clases\Arqui\2doParcial\rom01\packagerom01.vhdl (2021-11-29 11:21:20)
4        D:\Clases\Arqui\oscvhdl\div00.vhdl (2021-10-18 11:39:13)
5        D:\Clases\Arqui\oscvhdl\osc00.vhdl (2021-10-18 11:38:54)
6        D:\Clases\Arqui\oscvhdl\oscint00.vhdl (2021-10-18 11:39:21)
7        D:\Clases\Arqui\oscvhdl\packageosc00.vhdl (2021-10-18 11:39:04)
8        D:\LSCC\diamond\3.12\cae_library\synthesis\vhdl\machxo2.vhd (2018-11-14 23:32:12)
9        D:\LSCC\diamond\3.12\synpbase\lib\cpld\lattice.vhd (2020-10-29 09:20:44)
10       D:\LSCC\diamond\3.12\synpbase\lib\vhd\arith.vhd (2020-10-29 09:23:10)
11       D:\LSCC\diamond\3.12\synpbase\lib\vhd\hyperents.vhd (2020-10-29 09:23:10)
12       D:\LSCC\diamond\3.12\synpbase\lib\vhd\location.map (2020-11-02 16:26:20)
13       D:\LSCC\diamond\3.12\synpbase\lib\vhd\numeric.vhd (2020-10-29 09:23:10)
14       D:\LSCC\diamond\3.12\synpbase\lib\vhd\snps_haps_pkg.vhd (2020-10-29 09:23:10)
15       D:\LSCC\diamond\3.12\synpbase\lib\vhd\std.vhd (2020-10-29 09:23:10)
16       D:\LSCC\diamond\3.12\synpbase\lib\vhd\std1164.vhd (2020-10-29 09:23:10)
17       D:\LSCC\diamond\3.12\synpbase\lib\vhd\umr_capim.vhd (2020-10-29 09:23:10)
18       D:\LSCC\diamond\3.12\synpbase\lib\vhd\unsigned.vhd (2020-10-29 09:23:10)

*******************************************************************
Unchanged modules: 0
MID:  lib.cell.view
