Running in Lattice mode

Starting:    D:\LSCC\diamond\3.12\synpbase\bin64\mbin\synbatch.exe
Install:     D:\LSCC\diamond\3.12\synpbase
Hostname:    PETITEPC
Date:        Fri Oct  1 11:51:23 2021
Version:     Q-2020.03L-SP1

Arguments:   -product synplify_pro -batch adderlib8bit00B_adderlib8bit0B_synplify.tcl
ProductType: synplify_pro




log file: "D:\Clases\Arqui\adderlib8bit00B\adderlib8bit0B\adderlib8bit00B_adderlib8bit0B.srr"
Running: hdl_info_gen in foreground

Generating HDL info...

hdl_info_gen completed
# Fri Oct  1 11:51:23 2021

Return Code: 0
Run Time:00h:00m:00s
log file: "D:\Clases\Arqui\adderlib8bit00B\adderlib8bit0B\adderlib8bit00B_adderlib8bit0B.srr"
Running: adderlib8bit0B in foreground

Running proj_1|adderlib8bit0B

Running Flow: compile (Compile) on proj_1|adderlib8bit0B
# Fri Oct  1 11:51:24 2021

Running Flow: compile_flow (Compile Process) on proj_1|adderlib8bit0B
# Fri Oct  1 11:51:24 2021

Running: compiler (Compile Input) on proj_1|adderlib8bit0B
# Fri Oct  1 11:51:24 2021
Copied D:\Clases\Arqui\adderlib8bit00B\adderlib8bit0B\synwork\adderlib8bit00B_adderlib8bit0B_comp.srs to D:\Clases\Arqui\adderlib8bit00B\adderlib8bit0B\adderlib8bit00B_adderlib8bit0B.srs

compiler completed
# Fri Oct  1 11:51:26 2021

Return Code: 0
Run Time:00h:00m:02s

Running: multi_srs_gen (Multi-srs Generator) on proj_1|adderlib8bit0B
# Fri Oct  1 11:51:26 2021

multi_srs_gen completed
# Fri Oct  1 11:51:26 2021

Return Code: 0
Run Time:00h:00m:00s
Copied D:\Clases\Arqui\adderlib8bit00B\adderlib8bit0B\synwork\adderlib8bit00B_adderlib8bit0B_mult.srs to D:\Clases\Arqui\adderlib8bit00B\adderlib8bit0B\adderlib8bit00B_adderlib8bit0B.srs
Copied D:\Clases\Arqui\adderlib8bit00B\adderlib8bit0B\adderlib8bit00B_adderlib8bit0B.srr to D:\Clases\Arqui\adderlib8bit00B\adderlib8bit0B\adderlib8bit00B_adderlib8bit0B.srf
Complete: Compile Process on proj_1|adderlib8bit0B

Running: premap (Premap) on proj_1|adderlib8bit0B
# Fri Oct  1 11:51:26 2021

premap completed
# Fri Oct  1 11:51:27 2021

Return Code: 0
Run Time:00h:00m:01s
Complete: Compile on proj_1|adderlib8bit0B

Running Flow: map (Map) on proj_1|adderlib8bit0B
# Fri Oct  1 11:51:27 2021

Running: fpga_mapper (Map & Optimize) on proj_1|adderlib8bit0B
# Fri Oct  1 11:51:27 2021
Copied D:\Clases\Arqui\adderlib8bit00B\adderlib8bit0B\synwork\adderlib8bit00B_adderlib8bit0B_m.srm to D:\Clases\Arqui\adderlib8bit00B\adderlib8bit0B\adderlib8bit00B_adderlib8bit0B.srm

fpga_mapper completed
# Fri Oct  1 11:51:30 2021

Return Code: 0
Run Time:00h:00m:03s
Complete: Map on proj_1|adderlib8bit0B
Copied D:\Clases\Arqui\adderlib8bit00B\adderlib8bit0B\adderlib8bit00B_adderlib8bit0B.srr to D:\Clases\Arqui\adderlib8bit00B\adderlib8bit0B\adderlib8bit00B_adderlib8bit0B.srf
Complete: Logic Synthesis on proj_1|adderlib8bit0B
TCL script complete: "adderlib8bit00B_adderlib8bit0B_synplify.tcl"
exit status=0
exit status=0
Save changes for project:
D:\Clases\Arqui\adderlib8bit00B\adderlib8bit0B\proj_1.prj
batch mode default:no
